{"/home/travis/build/npmtest/node-npmtest-manifoldjs/test.js":{"path":"/home/travis/build/npmtest/node-npmtest-manifoldjs/test.js","s":{"1":2,"2":2,"3":2,"4":2,"5":2,"6":2,"7":2,"8":1,"9":2,"10":2,"11":1,"12":1,"13":1,"14":1,"15":2,"16":2,"17":2,"18":2,"19":1,"20":1,"21":2,"22":2,"23":2,"24":1,"25":1,"26":1,"27":1,"28":1,"29":1,"30":1,"31":1,"32":1,"33":1,"34":1,"35":1,"36":1,"37":1,"38":1,"39":2,"40":2,"41":1,"42":2,"43":2,"44":1,"45":2,"46":2,"47":1,"48":2,"49":2,"50":1,"51":1,"52":1,"53":1,"54":1},"b":{"1":[2,1,1,1],"2":[1,1,1,1],"3":[1,1],"4":[1,1],"5":[1,1],"6":[1,1],"7":[1,1],"8":[1,1],"9":[1,1],"10":[1,1,1],"11":[1,1],"12":[1,1],"13":[1,1],"14":[1,1],"15":[1,1],"16":[1,1],"17":[1,1]},"f":{"1":2,"2":2,"3":2,"4":2,"5":2,"6":1,"7":1,"8":1,"9":2,"10":2,"11":2,"12":2,"13":1},"fnMap":{"1":{"name":"(anonymous_1)","line":12,"loc":{"start":{"line":12,"column":1},"end":{"line":12,"column":13}}},"2":{"name":"(anonymous_2)","line":19,"loc":{"start":{"line":19,"column":5},"end":{"line":19,"column":17}}},"3":{"name":"(anonymous_3)","line":23,"loc":{"start":{"line":23,"column":24},"end":{"line":23,"column":36}}},"4":{"name":"(anonymous_4)","line":61,"loc":{"start":{"line":61,"column":5},"end":{"line":61,"column":17}}},"5":{"name":"(anonymous_5)","line":82,"loc":{"start":{"line":82,"column":5},"end":{"line":82,"column":17}}},"6":{"name":"(anonymous_6)","line":91,"loc":{"start":{"line":91,"column":77},"end":{"line":94,"column":10}}},"7":{"name":"(anonymous_7)","line":112,"loc":{"start":{"line":112,"column":83},"end":{"line":115,"column":10}},"skip":true},"8":{"name":"(anonymous_8)","line":123,"loc":{"start":{"line":123,"column":77},"end":{"line":126,"column":10}},"skip":true},"9":{"name":"(anonymous_9)","line":139,"loc":{"start":{"line":139,"column":12},"end":{"line":139,"column":40}},"skip":true},"10":{"name":"(anonymous_10)","line":147,"loc":{"start":{"line":147,"column":77},"end":{"line":150,"column":10}},"skip":true},"11":{"name":"(anonymous_11)","line":158,"loc":{"start":{"line":158,"column":83},"end":{"line":161,"column":10}},"skip":true},"12":{"name":"(anonymous_12)","line":169,"loc":{"start":{"line":169,"column":79},"end":{"line":172,"column":10}},"skip":true},"13":{"name":"(anonymous_13)","line":180,"loc":{"start":{"line":180,"column":75},"end":{"line":183,"column":10}},"skip":true}},"statementMap":{"1":{"start":{"line":12,"column":0},"end":{"line":195,"column":5}},"2":{"start":{"line":14,"column":4},"end":{"line":14,"column":14}},"3":{"start":{"line":19,"column":4},"end":{"line":56,"column":9}},"4":{"start":{"line":21,"column":8},"end":{"line":21,"column":19}},"5":{"start":{"line":23,"column":8},"end":{"line":35,"column":13}},"6":{"start":{"line":24,"column":12},"end":{"line":34,"column":13}},"7":{"start":{"line":25,"column":16},"end":{"line":28,"column":30}},"8":{"start":{"line":30,"column":16},"end":{"line":33,"column":27}},"9":{"start":{"line":37,"column":8},"end":{"line":39,"column":21}},"10":{"start":{"line":40,"column":8},"end":{"line":53,"column":9}},"11":{"start":{"line":43,"column":12},"end":{"line":46,"column":14}},"12":{"start":{"line":47,"column":12},"end":{"line":47,"column":18}},"13":{"start":{"line":50,"column":12},"end":{"line":51,"column":33}},"14":{"start":{"line":52,"column":12},"end":{"line":52,"column":18}},"15":{"start":{"line":55,"column":8},"end":{"line":55,"column":35}},"16":{"start":{"line":61,"column":4},"end":{"line":63,"column":9}},"17":{"start":{"line":62,"column":8},"end":{"line":62,"column":15}},"18":{"start":{"line":64,"column":4},"end":{"line":77,"column":5}},"19":{"start":{"line":70,"column":8},"end":{"line":70,"column":14}},"20":{"start":{"line":76,"column":8},"end":{"line":76,"column":14}},"21":{"start":{"line":82,"column":4},"end":{"line":84,"column":9}},"22":{"start":{"line":83,"column":8},"end":{"line":83,"column":15}},"23":{"start":{"line":85,"column":4},"end":{"line":194,"column":5}},"24":{"start":{"line":91,"column":8},"end":{"line":99,"column":10}},"25":{"start":{"line":98,"column":12},"end":{"line":98,"column":35}},"26":{"start":{"line":102,"column":8},"end":{"line":104,"column":63}},"27":{"start":{"line":105,"column":8},"end":{"line":105,"column":14}},"28":{"start":{"line":112,"column":8},"end":{"line":121,"column":10},"skip":true},"29":{"start":{"line":119,"column":12},"end":{"line":119,"column":55},"skip":true},"30":{"start":{"line":120,"column":12},"end":{"line":120,"column":48},"skip":true},"31":{"start":{"line":123,"column":8},"end":{"line":136,"column":10},"skip":true},"32":{"start":{"line":130,"column":12},"end":{"line":130,"column":76},"skip":true},"33":{"start":{"line":131,"column":12},"end":{"line":131,"column":73},"skip":true},"34":{"start":{"line":132,"column":12},"end":{"line":132,"column":74},"skip":true},"35":{"start":{"line":133,"column":12},"end":{"line":133,"column":79},"skip":true},"36":{"start":{"line":134,"column":12},"end":{"line":134,"column":25},"skip":true},"37":{"start":{"line":135,"column":12},"end":{"line":135,"column":45},"skip":true},"38":{"start":{"line":138,"column":8},"end":{"line":145,"column":14},"skip":true},"39":{"start":{"line":143,"column":16},"end":{"line":143,"column":29},"skip":true},"40":{"start":{"line":144,"column":16},"end":{"line":144,"column":55},"skip":true},"41":{"start":{"line":147,"column":8},"end":{"line":156,"column":10},"skip":true},"42":{"start":{"line":154,"column":12},"end":{"line":154,"column":25},"skip":true},"43":{"start":{"line":155,"column":12},"end":{"line":155,"column":45},"skip":true},"44":{"start":{"line":158,"column":8},"end":{"line":167,"column":10},"skip":true},"45":{"start":{"line":165,"column":12},"end":{"line":165,"column":25},"skip":true},"46":{"start":{"line":166,"column":12},"end":{"line":166,"column":48},"skip":true},"47":{"start":{"line":169,"column":8},"end":{"line":178,"column":10},"skip":true},"48":{"start":{"line":176,"column":12},"end":{"line":176,"column":25},"skip":true},"49":{"start":{"line":177,"column":12},"end":{"line":177,"column":46},"skip":true},"50":{"start":{"line":180,"column":8},"end":{"line":189,"column":10},"skip":true},"51":{"start":{"line":187,"column":12},"end":{"line":187,"column":94},"skip":true},"52":{"start":{"line":188,"column":12},"end":{"line":188,"column":48},"skip":true},"53":{"start":{"line":192,"column":8},"end":{"line":192,"column":35},"skip":true},"54":{"start":{"line":193,"column":8},"end":{"line":193,"column":14},"skip":true}},"branchMap":{"1":{"line":25,"type":"binary-expr","locations":[{"start":{"line":25,"column":23},"end":{"line":25,"column":62}},{"start":{"line":26,"column":20},"end":{"line":26,"column":70}},{"start":{"line":27,"column":20},"end":{"line":27,"column":71}},{"start":{"line":28,"column":20},"end":{"line":28,"column":29}}]},"2":{"line":30,"type":"binary-expr","locations":[{"start":{"line":30,"column":23},"end":{"line":30,"column":37}},{"start":{"line":31,"column":20},"end":{"line":31,"column":61}},{"start":{"line":32,"column":20},"end":{"line":32,"column":70}},{"start":{"line":33,"column":20},"end":{"line":33,"column":26}}]},"3":{"line":37,"type":"cond-expr","locations":[{"start":{"line":38,"column":14},"end":{"line":38,"column":20}},{"start":{"line":39,"column":14},"end":{"line":39,"column":20}}]},"4":{"line":40,"type":"switch","locations":[{"start":{"line":42,"column":8},"end":{"line":47,"column":18}},{"start":{"line":49,"column":8},"end":{"line":52,"column":18}}]},"5":{"line":44,"type":"binary-expr","locations":[{"start":{"line":44,"column":16},"end":{"line":44,"column":44}},{"start":{"line":44,"column":48},"end":{"line":44,"column":66}}]},"6":{"line":50,"type":"binary-expr","locations":[{"start":{"line":50,"column":21},"end":{"line":50,"column":49}},{"start":{"line":50,"column":53},"end":{"line":50,"column":72}}]},"7":{"line":64,"type":"switch","locations":[{"start":{"line":69,"column":4},"end":{"line":70,"column":14}},{"start":{"line":75,"column":4},"end":{"line":76,"column":14}}]},"8":{"line":85,"type":"switch","locations":[{"start":{"line":90,"column":4},"end":{"line":105,"column":14}},{"start":{"line":111,"column":4},"end":{"line":193,"column":14},"skip":true}]},"9":{"line":91,"type":"binary-expr","locations":[{"start":{"line":91,"column":42},"end":{"line":91,"column":73}},{"start":{"line":91,"column":77},"end":{"line":99,"column":9}}]},"10":{"line":102,"type":"binary-expr","locations":[{"start":{"line":102,"column":18},"end":{"line":102,"column":32}},{"start":{"line":103,"column":12},"end":{"line":103,"column":53}},{"start":{"line":104,"column":12},"end":{"line":104,"column":61}}]},"11":{"line":112,"type":"binary-expr","locations":[{"start":{"line":112,"column":45},"end":{"line":112,"column":79},"skip":true},{"start":{"line":112,"column":83},"end":{"line":121,"column":9},"skip":true}]},"12":{"line":123,"type":"binary-expr","locations":[{"start":{"line":123,"column":42},"end":{"line":123,"column":73},"skip":true},{"start":{"line":123,"column":77},"end":{"line":136,"column":9},"skip":true}]},"13":{"line":138,"type":"binary-expr","locations":[{"start":{"line":138,"column":48},"end":{"line":138,"column":85},"skip":true},{"start":{"line":139,"column":12},"end":{"line":145,"column":13},"skip":true}]},"14":{"line":147,"type":"binary-expr","locations":[{"start":{"line":147,"column":42},"end":{"line":147,"column":73},"skip":true},{"start":{"line":147,"column":77},"end":{"line":156,"column":9},"skip":true}]},"15":{"line":158,"type":"binary-expr","locations":[{"start":{"line":158,"column":45},"end":{"line":158,"column":79},"skip":true},{"start":{"line":158,"column":83},"end":{"line":167,"column":9},"skip":true}]},"16":{"line":169,"type":"binary-expr","locations":[{"start":{"line":169,"column":43},"end":{"line":169,"column":75},"skip":true},{"start":{"line":169,"column":79},"end":{"line":178,"column":9},"skip":true}]},"17":{"line":180,"type":"binary-expr","locations":[{"start":{"line":180,"column":41},"end":{"line":180,"column":71},"skip":true},{"start":{"line":180,"column":75},"end":{"line":189,"column":9},"skip":true}]}},"code":["/* istanbul instrument in package npmtest_manifoldjs */","/*jslint","    bitwise: true,","    browser: true,","    maxerr: 8,","    maxlen: 96,","    node: true,","    nomen: true,","    regexp: true,","    stupid: true","*/","(function () {","    'use strict';","    var local;","","","","    // run shared js-env code - init-before","    (function () {","        // init local","        local = {};","        // init modeJs","        local.modeJs = (function () {","            try {","                return typeof navigator.userAgent === 'string' &&","                    typeof document.querySelector('body') === 'object' &&","                    typeof XMLHttpRequest.prototype.open === 'function' &&","                    'browser';","            } catch (errorCaughtBrowser) {","                return module.exports &&","                    typeof process.versions.node === 'string' &&","                    typeof require('http').createServer === 'function' &&","                    'node';","            }","        }());","        // init global","        local.global = local.modeJs === 'browser'","            ? window","            : global;","        switch (local.modeJs) {","        // re-init local from window.local","        case 'browser':","            local = local.global.utility2.objectSetDefault(","                local.global.utility2_rollup || local.global.local,","                local.global.utility2","            );","            break;","        // re-init local from example.js","        case 'node':","            local = (local.global.utility2_rollup || require('utility2'))","                .requireReadme();","            break;","        }","        // export local","        local.global.local = local;","    }());","","","","    // run shared js-env code - function","    (function () {","        return;","    }());","    switch (local.modeJs) {","","","","    // run browser js-env code - function","    case 'browser':","        break;","","","","    // run node js-env code - function","    case 'node':","        break;","    }","","","","    // run shared js-env code - init-after","    (function () {","        return;","    }());","    switch (local.modeJs) {","","","","    // run browser js-env code - init-after","    case 'browser':","        local.testCase_browser_nullCase = local.testCase_browser_nullCase || function (","            options,","            onError","        ) {","        /*","         * this function will test browsers's null-case handling-behavior-behavior","         */","            onError(null, options);","        };","","        // run tests","        local.nop(local.modeTest &&","            document.querySelector('#testRunButton1') &&","            document.querySelector('#testRunButton1').click());","        break;","","","","    // run node js-env code - init-after","    /* istanbul ignore next */","    case 'node':","        local.testCase_buildApidoc_default = local.testCase_buildApidoc_default || function (","            options,","            onError","        ) {","        /*","         * this function will test buildApidoc's default handling-behavior-behavior","         */","            options = { modulePathList: module.paths };","            local.buildApidoc(options, onError);","        };","","        local.testCase_buildApp_default = local.testCase_buildApp_default || function (","            options,","            onError","        ) {","        /*","         * this function will test buildApp's default handling-behavior-behavior","         */","            local.testCase_buildReadme_default(options, local.onErrorThrow);","            local.testCase_buildLib_default(options, local.onErrorThrow);","            local.testCase_buildTest_default(options, local.onErrorThrow);","            local.testCase_buildCustomOrg_default(options, local.onErrorThrow);","            options = [];","            local.buildApp(options, onError);","        };","","        local.testCase_buildCustomOrg_default = local.testCase_buildCustomOrg_default ||","            function (options, onError) {","            /*","             * this function will test buildCustomOrg's default handling-behavior","             */","                options = {};","                local.buildCustomOrg(options, onError);","            };","","        local.testCase_buildLib_default = local.testCase_buildLib_default || function (","            options,","            onError","        ) {","        /*","         * this function will test buildLib's default handling-behavior","         */","            options = {};","            local.buildLib(options, onError);","        };","","        local.testCase_buildReadme_default = local.testCase_buildReadme_default || function (","            options,","            onError","        ) {","        /*","         * this function will test buildReadme's default handling-behavior-behavior","         */","            options = {};","            local.buildReadme(options, onError);","        };","","        local.testCase_buildTest_default = local.testCase_buildTest_default || function (","            options,","            onError","        ) {","        /*","         * this function will test buildTest's default handling-behavior","         */","            options = {};","            local.buildTest(options, onError);","        };","","        local.testCase_webpage_default = local.testCase_webpage_default || function (","            options,","            onError","        ) {","        /*","         * this function will test webpage's default handling-behavior","         */","            options = { modeCoverageMerge: true, url: local.serverLocalHost + '?modeTest=1' };","            local.browserTest(options, onError);","        };","","        // run test-server","        local.testRunServer(local);","        break;","    }","}());",""],"l":{"12":2,"14":2,"19":2,"21":2,"23":2,"24":2,"25":2,"30":1,"37":2,"40":2,"43":1,"47":1,"50":1,"52":1,"55":2,"61":2,"62":2,"64":2,"70":1,"76":1,"82":2,"83":2,"85":2,"91":1,"98":1,"102":1,"105":1,"112":1,"119":1,"120":1,"123":1,"130":1,"131":1,"132":1,"133":1,"134":1,"135":1,"138":1,"143":2,"144":2,"147":1,"154":2,"155":2,"158":1,"165":2,"166":2,"169":1,"176":2,"177":2,"180":1,"187":1,"188":1,"192":1,"193":1}},"/home/travis/build/npmtest/node-npmtest-manifoldjs/lib.npmtest_manifoldjs.js":{"path":"/home/travis/build/npmtest/node-npmtest-manifoldjs/lib.npmtest_manifoldjs.js","s":{"1":2,"2":2,"3":2,"4":2,"5":2,"6":2,"7":2,"8":1,"9":2,"10":2,"11":2,"12":2,"13":1,"14":1,"15":1,"16":1},"b":{"1":[2,1,1,1],"2":[1,1,1,1],"3":[1,1],"4":[2,2],"5":[1,1]},"f":{"1":2,"2":2,"3":2},"fnMap":{"1":{"name":"(anonymous_1)","line":12,"loc":{"start":{"line":12,"column":1},"end":{"line":12,"column":13}}},"2":{"name":"(anonymous_2)","line":19,"loc":{"start":{"line":19,"column":5},"end":{"line":19,"column":17}}},"3":{"name":"(anonymous_3)","line":23,"loc":{"start":{"line":23,"column":24},"end":{"line":23,"column":36}}}},"statementMap":{"1":{"start":{"line":12,"column":0},"end":{"line":53,"column":5}},"2":{"start":{"line":14,"column":4},"end":{"line":14,"column":14}},"3":{"start":{"line":19,"column":4},"end":{"line":52,"column":9}},"4":{"start":{"line":21,"column":8},"end":{"line":21,"column":19}},"5":{"start":{"line":23,"column":8},"end":{"line":35,"column":13}},"6":{"start":{"line":24,"column":12},"end":{"line":34,"column":13}},"7":{"start":{"line":25,"column":16},"end":{"line":28,"column":30}},"8":{"start":{"line":30,"column":16},"end":{"line":33,"column":27}},"9":{"start":{"line":37,"column":8},"end":{"line":39,"column":21}},"10":{"start":{"line":41,"column":8},"end":{"line":41,"column":54}},"11":{"start":{"line":43,"column":8},"end":{"line":43,"column":55}},"12":{"start":{"line":45,"column":8},"end":{"line":51,"column":9}},"13":{"start":{"line":46,"column":12},"end":{"line":46,"column":61}},"14":{"start":{"line":48,"column":12},"end":{"line":48,"column":35}},"15":{"start":{"line":49,"column":12},"end":{"line":49,"column":49}},"16":{"start":{"line":50,"column":12},"end":{"line":50,"column":43}}},"branchMap":{"1":{"line":25,"type":"binary-expr","locations":[{"start":{"line":25,"column":23},"end":{"line":25,"column":62}},{"start":{"line":26,"column":20},"end":{"line":26,"column":70}},{"start":{"line":27,"column":20},"end":{"line":27,"column":71}},{"start":{"line":28,"column":20},"end":{"line":28,"column":29}}]},"2":{"line":30,"type":"binary-expr","locations":[{"start":{"line":30,"column":23},"end":{"line":30,"column":37}},{"start":{"line":31,"column":20},"end":{"line":31,"column":61}},{"start":{"line":32,"column":20},"end":{"line":32,"column":70}},{"start":{"line":33,"column":20},"end":{"line":33,"column":26}}]},"3":{"line":37,"type":"cond-expr","locations":[{"start":{"line":38,"column":14},"end":{"line":38,"column":20}},{"start":{"line":39,"column":14},"end":{"line":39,"column":20}}]},"4":{"line":41,"type":"binary-expr","locations":[{"start":{"line":41,"column":16},"end":{"line":41,"column":44}},{"start":{"line":41,"column":48},"end":{"line":41,"column":53}}]},"5":{"line":45,"type":"if","locations":[{"start":{"line":45,"column":8},"end":{"line":45,"column":8}},{"start":{"line":45,"column":8},"end":{"line":45,"column":8}}]}},"code":["/* istanbul instrument in package npmtest_manifoldjs */","/*jslint","    bitwise: true,","    browser: true,","    maxerr: 8,","    maxlen: 96,","    node: true,","    nomen: true,","    regexp: true,","    stupid: true","*/","(function () {","    'use strict';","    var local;","","","","    // run shared js-env code - init-before","    (function () {","        // init local","        local = {};","        // init modeJs","        local.modeJs = (function () {","            try {","                return typeof navigator.userAgent === 'string' &&","                    typeof document.querySelector('body') === 'object' &&","                    typeof XMLHttpRequest.prototype.open === 'function' &&","                    'browser';","            } catch (errorCaughtBrowser) {","                return module.exports &&","                    typeof process.versions.node === 'string' &&","                    typeof require('http').createServer === 'function' &&","                    'node';","            }","        }());","        // init global","        local.global = local.modeJs === 'browser'","            ? window","            : global;","        // init utility2_rollup","        local = local.global.utility2_rollup || local;","        // init lib","        local.local = local.npmtest_manifoldjs = local;","        // init exports","        if (local.modeJs === 'browser') {","            local.global.utility2_npmtest_manifoldjs = local;","        } else {","            module.exports = local;","            module.exports.__dirname = __dirname;","            module.exports.module = module;","        }","    }());","}());",""],"l":{"12":2,"14":2,"19":2,"21":2,"23":2,"24":2,"25":2,"30":1,"37":2,"41":2,"43":2,"45":2,"46":1,"48":1,"49":1,"50":1}},"/home/travis/build/npmtest/node-npmtest-manifoldjs/example.js":{"path":"/home/travis/build/npmtest/node-npmtest-manifoldjs/example.js","s":{"1":2,"2":2,"3":2,"4":2,"5":2,"6":2,"7":2,"8":1,"9":2,"10":2,"11":2,"12":2,"13":1,"14":2,"15":2,"16":2,"17":2,"18":2,"19":0,"20":2,"21":1,"22":1,"23":1,"24":1,"25":1,"26":0,"27":0,"28":1,"29":1,"30":2,"31":0,"32":0,"33":0,"34":1,"35":2,"36":2,"37":3,"38":3,"39":3,"40":3,"41":0,"42":3,"43":3,"44":3,"45":1,"46":3,"47":1,"48":1,"49":1,"50":1,"51":1,"52":1,"53":1,"54":1,"55":1,"56":1,"57":0,"58":1,"59":6,"60":6,"61":1,"62":2,"63":0,"64":2,"65":1,"66":1,"67":0,"68":0,"69":0,"70":0,"71":0,"72":0,"73":0,"74":0,"75":0,"76":0,"77":0,"78":0,"79":0,"80":0,"81":0,"82":0,"83":0},"b":{"1":[2,1,1,1],"2":[1,1,1,1],"3":[1,1],"4":[2,2],"5":[1,1],"6":[1,1],"7":[2,0],"8":[2,1,1,1,1,1],"9":[0,2,0],"10":[1,1],"11":[2,1,1],"12":[1,0],"13":[0,2],"14":[2,0,0,0,0,0,0],"15":[0,3],"16":[3,0],"17":[1,1],"18":[0,1],"19":[1,2,0,2],"20":[1,0],"21":[1,1],"22":[0,0],"23":[0,0],"24":[0,0],"25":[0,0],"26":[0,0],"27":[0,0],"28":[0,0]},"f":{"1":2,"2":2,"3":2,"4":2,"5":2,"6":2,"7":3,"8":3,"9":3,"10":1,"11":6,"12":0},"fnMap":{"1":{"name":"(anonymous_1)","line":26,"loc":{"start":{"line":26,"column":1},"end":{"line":26,"column":13}}},"2":{"name":"(anonymous_2)","line":33,"loc":{"start":{"line":33,"column":5},"end":{"line":33,"column":17}}},"3":{"name":"(anonymous_3)","line":37,"loc":{"start":{"line":37,"column":24},"end":{"line":37,"column":36}}},"4":{"name":"(anonymous_4)","line":69,"loc":{"start":{"line":69,"column":31},"end":{"line":69,"column":48}},"skip":true},"5":{"name":"(anonymous_5)","line":78,"loc":{"start":{"line":78,"column":26},"end":{"line":78,"column":45}},"skip":true},"6":{"name":"(anonymous_6)","line":123,"loc":{"start":{"line":123,"column":33},"end":{"line":123,"column":48}},"skip":true},"7":{"name":"(anonymous_7)","line":125,"loc":{"start":{"line":125,"column":27},"end":{"line":125,"column":39}},"skip":true},"8":{"name":"(anonymous_8)","line":133,"loc":{"start":{"line":133,"column":59},"end":{"line":133,"column":74}},"skip":true},"9":{"name":"(anonymous_9)","line":143,"loc":{"start":{"line":143,"column":45},"end":{"line":143,"column":62}},"skip":true},"10":{"name":"(anonymous_10)","line":144,"loc":{"start":{"line":144,"column":73},"end":{"line":144,"column":92}},"skip":true},"11":{"name":"(anonymous_11)","line":272,"loc":{"start":{"line":272,"column":51},"end":{"line":272,"column":77}},"skip":true},"12":{"name":"(anonymous_12)","line":315,"loc":{"start":{"line":315,"column":32},"end":{"line":315,"column":61}},"skip":true}},"statementMap":{"1":{"start":{"line":26,"column":0},"end":{"line":326,"column":5}},"2":{"start":{"line":28,"column":4},"end":{"line":28,"column":14}},"3":{"start":{"line":33,"column":4},"end":{"line":60,"column":9}},"4":{"start":{"line":35,"column":8},"end":{"line":35,"column":19}},"5":{"start":{"line":37,"column":8},"end":{"line":49,"column":13}},"6":{"start":{"line":38,"column":12},"end":{"line":48,"column":13}},"7":{"start":{"line":39,"column":16},"end":{"line":42,"column":30}},"8":{"start":{"line":44,"column":16},"end":{"line":47,"column":27}},"9":{"start":{"line":51,"column":8},"end":{"line":53,"column":21}},"10":{"start":{"line":55,"column":8},"end":{"line":57,"column":45}},"11":{"start":{"line":59,"column":8},"end":{"line":59,"column":35}},"12":{"start":{"line":61,"column":4},"end":{"line":325,"column":5}},"13":{"start":{"line":69,"column":8},"end":{"line":121,"column":10},"skip":true},"14":{"start":{"line":70,"column":12},"end":{"line":88,"column":13},"skip":true},"15":{"start":{"line":76,"column":16},"end":{"line":87,"column":19},"skip":true},"16":{"start":{"line":79,"column":20},"end":{"line":86,"column":21},"skip":true},"17":{"start":{"line":82,"column":24},"end":{"line":82,"column":43},"skip":true},"18":{"start":{"line":83,"column":24},"end":{"line":83,"column":30},"skip":true},"19":{"start":{"line":85,"column":24},"end":{"line":85,"column":49},"skip":true},"20":{"start":{"line":89,"column":12},"end":{"line":107,"column":13},"skip":true},"21":{"start":{"line":92,"column":16},"end":{"line":102,"column":17},"skip":true},"22":{"start":{"line":93,"column":20},"end":{"line":93,"column":86},"skip":true},"23":{"start":{"line":94,"column":20},"end":{"line":95,"column":45},"skip":true},"24":{"start":{"line":96,"column":20},"end":{"line":96,"column":42},"skip":true},"25":{"start":{"line":97,"column":20},"end":{"line":97,"column":48},"skip":true},"26":{"start":{"line":100,"column":20},"end":{"line":100,"column":85},"skip":true},"27":{"start":{"line":101,"column":20},"end":{"line":101,"column":96},"skip":true},"28":{"start":{"line":103,"column":16},"end":{"line":103,"column":22},"skip":true},"29":{"start":{"line":106,"column":16},"end":{"line":106,"column":22},"skip":true},"30":{"start":{"line":108,"column":12},"end":{"line":120,"column":13},"skip":true},"31":{"start":{"line":114,"column":16},"end":{"line":119,"column":17},"skip":true},"32":{"start":{"line":116,"column":20},"end":{"line":116,"column":78},"skip":true},"33":{"start":{"line":118,"column":20},"end":{"line":118,"column":47},"skip":true},"34":{"start":{"line":123,"column":8},"end":{"line":141,"column":11},"skip":true},"35":{"start":{"line":124,"column":12},"end":{"line":124,"column":54},"skip":true},"36":{"start":{"line":125,"column":12},"end":{"line":140,"column":14},"skip":true},"37":{"start":{"line":126,"column":16},"end":{"line":126,"column":28},"skip":true},"38":{"start":{"line":127,"column":16},"end":{"line":127,"column":69},"skip":true},"39":{"start":{"line":128,"column":16},"end":{"line":128,"column":75},"skip":true},"40":{"start":{"line":129,"column":16},"end":{"line":131,"column":17},"skip":true},"41":{"start":{"line":130,"column":20},"end":{"line":130,"column":27},"skip":true},"42":{"start":{"line":133,"column":16},"end":{"line":137,"column":36},"skip":true},"43":{"start":{"line":134,"column":20},"end":{"line":136,"column":55},"skip":true},"44":{"start":{"line":139,"column":16},"end":{"line":139,"column":57},"skip":true},"45":{"start":{"line":143,"column":8},"end":{"line":147,"column":11},"skip":true},"46":{"start":{"line":144,"column":12},"end":{"line":146,"column":15},"skip":true},"47":{"start":{"line":145,"column":16},"end":{"line":145,"column":70},"skip":true},"48":{"start":{"line":149,"column":8},"end":{"line":149,"column":31},"skip":true},"49":{"start":{"line":150,"column":8},"end":{"line":150,"column":14},"skip":true},"50":{"start":{"line":158,"column":8},"end":{"line":158,"column":31},"skip":true},"51":{"start":{"line":160,"column":8},"end":{"line":160,"column":33},"skip":true},"52":{"start":{"line":161,"column":8},"end":{"line":161,"column":37},"skip":true},"53":{"start":{"line":162,"column":8},"end":{"line":162,"column":35},"skip":true},"54":{"start":{"line":164,"column":8},"end":{"line":164,"column":50},"skip":true},"55":{"start":{"line":166,"column":8},"end":{"line":256,"column":2},"skip":true},"56":{"start":{"line":258,"column":8},"end":{"line":286,"column":9},"skip":true},"57":{"start":{"line":259,"column":12},"end":{"line":269,"column":14},"skip":true},"58":{"start":{"line":271,"column":12},"end":{"line":285,"column":19},"skip":true},"59":{"start":{"line":274,"column":20},"end":{"line":274,"column":35},"skip":true},"60":{"start":{"line":275,"column":20},"end":{"line":284,"column":21},"skip":true},"61":{"start":{"line":277,"column":24},"end":{"line":277,"column":64},"skip":true},"62":{"start":{"line":279,"column":24},"end":{"line":279,"column":40},"skip":true},"63":{"start":{"line":281,"column":24},"end":{"line":281,"column":40},"skip":true},"64":{"start":{"line":283,"column":24},"end":{"line":283,"column":39},"skip":true},"65":{"start":{"line":288,"column":8},"end":{"line":290,"column":9},"skip":true},"66":{"start":{"line":289,"column":12},"end":{"line":289,"column":18},"skip":true},"67":{"start":{"line":291,"column":8},"end":{"line":293,"column":54},"skip":true},"68":{"start":{"line":296,"column":8},"end":{"line":301,"column":37},"skip":true},"69":{"start":{"line":303,"column":8},"end":{"line":303,"column":82},"skip":true},"70":{"start":{"line":306,"column":8},"end":{"line":308,"column":9},"skip":true},"71":{"start":{"line":307,"column":12},"end":{"line":307,"column":82},"skip":true},"72":{"start":{"line":310,"column":8},"end":{"line":312,"column":9},"skip":true},"73":{"start":{"line":311,"column":12},"end":{"line":311,"column":18},"skip":true},"74":{"start":{"line":313,"column":8},"end":{"line":313,"column":54},"skip":true},"75":{"start":{"line":314,"column":8},"end":{"line":314,"column":69},"skip":true},"76":{"start":{"line":315,"column":8},"end":{"line":323,"column":36},"skip":true},"77":{"start":{"line":316,"column":12},"end":{"line":316,"column":61},"skip":true},"78":{"start":{"line":317,"column":12},"end":{"line":320,"column":13},"skip":true},"79":{"start":{"line":318,"column":16},"end":{"line":318,"column":75},"skip":true},"80":{"start":{"line":319,"column":16},"end":{"line":319,"column":23},"skip":true},"81":{"start":{"line":321,"column":12},"end":{"line":321,"column":38},"skip":true},"82":{"start":{"line":322,"column":12},"end":{"line":322,"column":27},"skip":true},"83":{"start":{"line":324,"column":8},"end":{"line":324,"column":14},"skip":true}},"branchMap":{"1":{"line":39,"type":"binary-expr","locations":[{"start":{"line":39,"column":23},"end":{"line":39,"column":62}},{"start":{"line":40,"column":20},"end":{"line":40,"column":70}},{"start":{"line":41,"column":20},"end":{"line":41,"column":71}},{"start":{"line":42,"column":20},"end":{"line":42,"column":29}}]},"2":{"line":44,"type":"binary-expr","locations":[{"start":{"line":44,"column":23},"end":{"line":44,"column":37}},{"start":{"line":45,"column":20},"end":{"line":45,"column":61}},{"start":{"line":46,"column":20},"end":{"line":46,"column":70}},{"start":{"line":47,"column":20},"end":{"line":47,"column":26}}]},"3":{"line":51,"type":"cond-expr","locations":[{"start":{"line":52,"column":14},"end":{"line":52,"column":20}},{"start":{"line":53,"column":14},"end":{"line":53,"column":20}}]},"4":{"line":55,"type":"binary-expr","locations":[{"start":{"line":55,"column":16},"end":{"line":55,"column":44}},{"start":{"line":55,"column":49},"end":{"line":57,"column":43}}]},"5":{"line":55,"type":"cond-expr","locations":[{"start":{"line":56,"column":14},"end":{"line":56,"column":54}},{"start":{"line":57,"column":14},"end":{"line":57,"column":43}}]},"6":{"line":61,"type":"switch","locations":[{"start":{"line":68,"column":4},"end":{"line":150,"column":14},"skip":true},{"start":{"line":156,"column":4},"end":{"line":324,"column":14},"skip":true}]},"7":{"line":70,"type":"if","locations":[{"start":{"line":70,"column":12},"end":{"line":70,"column":12},"skip":true},{"start":{"line":70,"column":12},"end":{"line":70,"column":12},"skip":true}]},"8":{"line":70,"type":"binary-expr","locations":[{"start":{"line":70,"column":16},"end":{"line":70,"column":22},"skip":true},{"start":{"line":70,"column":27},"end":{"line":70,"column":32},"skip":true},{"start":{"line":71,"column":20},"end":{"line":71,"column":39},"skip":true},{"start":{"line":72,"column":20},"end":{"line":72,"column":49},"skip":true},{"start":{"line":73,"column":20},"end":{"line":73,"column":58},"skip":true},{"start":{"line":74,"column":20},"end":{"line":74,"column":69},"skip":true}]},"9":{"line":79,"type":"switch","locations":[{"start":{"line":80,"column":20},"end":{"line":80,"column":33},"skip":true},{"start":{"line":81,"column":20},"end":{"line":83,"column":30},"skip":true},{"start":{"line":84,"column":20},"end":{"line":85,"column":49},"skip":true}]},"10":{"line":89,"type":"switch","locations":[{"start":{"line":90,"column":12},"end":{"line":103,"column":22},"skip":true},{"start":{"line":105,"column":12},"end":{"line":106,"column":22},"skip":true}]},"11":{"line":89,"type":"binary-expr","locations":[{"start":{"line":89,"column":20},"end":{"line":89,"column":25},"skip":true},{"start":{"line":89,"column":29},"end":{"line":89,"column":48},"skip":true},{"start":{"line":89,"column":52},"end":{"line":89,"column":74},"skip":true}]},"12":{"line":92,"type":"if","locations":[{"start":{"line":92,"column":16},"end":{"line":92,"column":16},"skip":true},{"start":{"line":92,"column":16},"end":{"line":92,"column":16},"skip":true}]},"13":{"line":108,"type":"if","locations":[{"start":{"line":108,"column":12},"end":{"line":108,"column":12},"skip":true},{"start":{"line":108,"column":12},"end":{"line":108,"column":12},"skip":true}]},"14":{"line":108,"type":"binary-expr","locations":[{"start":{"line":108,"column":16},"end":{"line":108,"column":61},"skip":true},{"start":{"line":108,"column":66},"end":{"line":108,"column":72},"skip":true},{"start":{"line":108,"column":77},"end":{"line":108,"column":82},"skip":true},{"start":{"line":109,"column":20},"end":{"line":109,"column":39},"skip":true},{"start":{"line":110,"column":20},"end":{"line":110,"column":49},"skip":true},{"start":{"line":111,"column":20},"end":{"line":111,"column":58},"skip":true},{"start":{"line":112,"column":20},"end":{"line":112,"column":68},"skip":true}]},"15":{"line":129,"type":"if","locations":[{"start":{"line":129,"column":16},"end":{"line":129,"column":16},"skip":true},{"start":{"line":129,"column":16},"end":{"line":129,"column":16},"skip":true}]},"16":{"line":134,"type":"cond-expr","locations":[{"start":{"line":135,"column":26},"end":{"line":135,"column":29},"skip":true},{"start":{"line":136,"column":26},"end":{"line":136,"column":54},"skip":true}]},"17":{"line":164,"type":"binary-expr","locations":[{"start":{"line":164,"column":27},"end":{"line":164,"column":43},"skip":true},{"start":{"line":164,"column":47},"end":{"line":164,"column":49},"skip":true}]},"18":{"line":258,"type":"if","locations":[{"start":{"line":258,"column":8},"end":{"line":258,"column":8},"skip":true},{"start":{"line":258,"column":8},"end":{"line":258,"column":8},"skip":true}]},"19":{"line":275,"type":"switch","locations":[{"start":{"line":276,"column":20},"end":{"line":277,"column":64},"skip":true},{"start":{"line":278,"column":20},"end":{"line":279,"column":40},"skip":true},{"start":{"line":280,"column":20},"end":{"line":281,"column":40},"skip":true},{"start":{"line":282,"column":20},"end":{"line":283,"column":39},"skip":true}]},"20":{"line":288,"type":"if","locations":[{"start":{"line":288,"column":8},"end":{"line":288,"column":8},"skip":true},{"start":{"line":288,"column":8},"end":{"line":288,"column":8},"skip":true}]},"21":{"line":288,"type":"binary-expr","locations":[{"start":{"line":288,"column":12},"end":{"line":288,"column":40},"skip":true},{"start":{"line":288,"column":44},"end":{"line":288,"column":67},"skip":true}]},"22":{"line":292,"type":"binary-expr","locations":[{"start":{"line":292,"column":12},"end":{"line":292,"column":50},"skip":true},{"start":{"line":293,"column":12},"end":{"line":293,"column":53},"skip":true}]},"23":{"line":297,"type":"binary-expr","locations":[{"start":{"line":297,"column":12},"end":{"line":297,"column":68},"skip":true},{"start":{"line":298,"column":12},"end":{"line":301,"column":36},"skip":true}]},"24":{"line":303,"type":"binary-expr","locations":[{"start":{"line":303,"column":43},"end":{"line":303,"column":75},"skip":true},{"start":{"line":303,"column":79},"end":{"line":303,"column":81},"skip":true}]},"25":{"line":306,"type":"if","locations":[{"start":{"line":306,"column":8},"end":{"line":306,"column":8},"skip":true},{"start":{"line":306,"column":8},"end":{"line":306,"column":8},"skip":true}]},"26":{"line":310,"type":"if","locations":[{"start":{"line":310,"column":8},"end":{"line":310,"column":8},"skip":true},{"start":{"line":310,"column":8},"end":{"line":310,"column":8},"skip":true}]},"27":{"line":313,"type":"binary-expr","locations":[{"start":{"line":313,"column":27},"end":{"line":313,"column":43},"skip":true},{"start":{"line":313,"column":47},"end":{"line":313,"column":53},"skip":true}]},"28":{"line":317,"type":"if","locations":[{"start":{"line":317,"column":12},"end":{"line":317,"column":12},"skip":true},{"start":{"line":317,"column":12},"end":{"line":317,"column":12},"skip":true}]}},"code":["/*","example.js","","quickstart example","","instruction","    1. save this script as example.js","    2. run the shell command:","        $ npm install npmtest-manifoldjs && PORT=8081 node example.js","    3. play with the browser-demo on http://127.0.0.1:8081","*/","","","","/* istanbul instrument in package npmtest_manifoldjs */","/*jslint","    bitwise: true,","    browser: true,","    maxerr: 8,","    maxlen: 96,","    node: true,","    nomen: true,","    regexp: true,","    stupid: true","*/","(function () {","    'use strict';","    var local;","","","","    // run shared js-env code - init-before","    (function () {","        // init local","        local = {};","        // init modeJs","        local.modeJs = (function () {","            try {","                return typeof navigator.userAgent === 'string' &&","                    typeof document.querySelector('body') === 'object' &&","                    typeof XMLHttpRequest.prototype.open === 'function' &&","                    'browser';","            } catch (errorCaughtBrowser) {","                return module.exports &&","                    typeof process.versions.node === 'string' &&","                    typeof require('http').createServer === 'function' &&","                    'node';","            }","        }());","        // init global","        local.global = local.modeJs === 'browser'","            ? window","            : global;","        // init utility2_rollup","        local = local.global.utility2_rollup || (local.modeJs === 'browser'","            ? local.global.utility2_npmtest_manifoldjs","            : global.utility2_moduleExports);","        // export local","        local.global.local = local;","    }());","    switch (local.modeJs) {","","","","    // init-after","    // run browser js-env code - init-after","    /* istanbul ignore next */","    case 'browser':","        local.testRunBrowser = function (event) {","            if (!event || (event &&","                    event.currentTarget &&","                    event.currentTarget.className &&","                    event.currentTarget.className.includes &&","                    event.currentTarget.className.includes('onreset'))) {","                // reset output","                Array.from(","                    document.querySelectorAll('body > .resettable')","                ).forEach(function (element) {","                    switch (element.tagName) {","                    case 'INPUT':","                    case 'TEXTAREA':","                        element.value = '';","                        break;","                    default:","                        element.textContent = '';","                    }","                });","            }","            switch (event && event.currentTarget && event.currentTarget.id) {","            case 'testRunButton1':","                // show tests","                if (document.querySelector('#testReportDiv1').style.display === 'none') {","                    document.querySelector('#testReportDiv1').style.display = 'block';","                    document.querySelector('#testRunButton1').textContent =","                        'hide internal test';","                    local.modeTest = true;","                    local.testRunDefault(local);","                // hide tests","                } else {","                    document.querySelector('#testReportDiv1').style.display = 'none';","                    document.querySelector('#testRunButton1').textContent = 'run internal test';","                }","                break;","            // custom-case","            default:","                break;","            }","            if (document.querySelector('#inputTextareaEval1') && (!event || (event &&","                    event.currentTarget &&","                    event.currentTarget.className &&","                    event.currentTarget.className.includes &&","                    event.currentTarget.className.includes('oneval')))) {","                // try to eval input-code","                try {","                    /*jslint evil: true*/","                    eval(document.querySelector('#inputTextareaEval1').value);","                } catch (errorCaught) {","                    console.error(errorCaught);","                }","            }","        };","        // log stderr and stdout to #outputTextareaStdout1","        ['error', 'log'].forEach(function (key) {","            console[key + '_original'] = console[key];","            console[key] = function () {","                var element;","                console[key + '_original'].apply(console, arguments);","                element = document.querySelector('#outputTextareaStdout1');","                if (!element) {","                    return;","                }","                // append text to #outputTextareaStdout1","                element.value += Array.from(arguments).map(function (arg) {","                    return typeof arg === 'string'","                        ? arg","                        : JSON.stringify(arg, null, 4);","                }).join(' ') + '\\n';","                // scroll textarea to bottom","                element.scrollTop = element.scrollHeight;","            };","        });","        // init event-handling","        ['change', 'click', 'keyup'].forEach(function (event) {","            Array.from(document.querySelectorAll('.on' + event)).forEach(function (element) {","                element.addEventListener(event, local.testRunBrowser);","            });","        });","        // run tests","        local.testRunBrowser();","        break;","","","","    // run node js-env code - init-after","    /* istanbul ignore next */","    case 'node':","        // export local","        module.exports = local;","        // require modules","        local.fs = require('fs');","        local.http = require('http');","        local.url = require('url');","        // init assets","        local.assetsDict = local.assetsDict || {};","        /* jslint-ignore-begin */","        local.assetsDict['/assets.index.template.html'] = '\\","<!doctype html>\\n\\","<html lang=\"en\">\\n\\","<head>\\n\\","<meta charset=\"UTF-8\">\\n\\","<meta name=\"viewport\" content=\"width=device-width, initial-scale=1\">\\n\\","<title>{{env.npm_package_name}} (v{{env.npm_package_version}})</title>\\n\\","<style>\\n\\","/*csslint\\n\\","    box-sizing: false,\\n\\","    universal-selector: false\\n\\","*/\\n\\","* {\\n\\","    box-sizing: border-box;\\n\\","}\\n\\","body {\\n\\","    background: #dde;\\n\\","    font-family: Arial, Helvetica, sans-serif;\\n\\","    margin: 2rem;\\n\\","}\\n\\","body > * {\\n\\","    margin-bottom: 1rem;\\n\\","}\\n\\",".utility2FooterDiv {\\n\\","    margin-top: 20px;\\n\\","    text-align: center;\\n\\","}\\n\\","</style>\\n\\","<style>\\n\\","/*csslint\\n\\","*/\\n\\","textarea {\\n\\","    font-family: monospace;\\n\\","    height: 10rem;\\n\\","    width: 100%;\\n\\","}\\n\\","textarea[readonly] {\\n\\","    background: #ddd;\\n\\","}\\n\\","</style>\\n\\","</head>\\n\\","<body>\\n\\","<!-- utility2-comment\\n\\","<div id=\"ajaxProgressDiv1\" style=\"background: #d00; height: 2px; left: 0; margin: 0; padding: 0; position: fixed; top: 0; transition: background 0.5s, width 1.5s; width: 25%;\"></div>\\n\\","utility2-comment -->\\n\\","<h1>\\n\\","<!-- utility2-comment\\n\\","    <a\\n\\","        {{#if env.npm_package_homepage}}\\n\\","        href=\"{{env.npm_package_homepage}}\"\\n\\","        {{/if env.npm_package_homepage}}\\n\\","        target=\"_blank\"\\n\\","    >\\n\\","utility2-comment -->\\n\\","        {{env.npm_package_name}} (v{{env.npm_package_version}})\\n\\","<!-- utility2-comment\\n\\","    </a>\\n\\","utility2-comment -->\\n\\","</h1>\\n\\","<h3>{{env.npm_package_description}}</h3>\\n\\","<!-- utility2-comment\\n\\","<h4><a download href=\"assets.app.js\">download standalone app</a></h4>\\n\\","<button class=\"onclick onreset\" id=\"testRunButton1\">run internal test</button><br>\\n\\","<div id=\"testReportDiv1\" style=\"display: none;\"></div>\\n\\","utility2-comment -->\\n\\","\\n\\","\\n\\","\\n\\","<label>stderr and stdout</label>\\n\\","<textarea class=\"resettable\" id=\"outputTextareaStdout1\" readonly></textarea>\\n\\","<!-- utility2-comment\\n\\","{{#if isRollup}}\\n\\","<script src=\"assets.app.js\"></script>\\n\\","{{#unless isRollup}}\\n\\","utility2-comment -->\\n\\","<script src=\"assets.utility2.rollup.js\"></script>\\n\\","<script src=\"jsonp.utility2._stateInit?callback=window.utility2._stateInit\"></script>\\n\\","<script src=\"assets.npmtest_manifoldjs.rollup.js\"></script>\\n\\","<script src=\"assets.example.js\"></script>\\n\\","<script src=\"assets.test.js\"></script>\\n\\","<!-- utility2-comment\\n\\","{{/if isRollup}}\\n\\","utility2-comment -->\\n\\","<div class=\"utility2FooterDiv\">\\n\\","    [ this app was created with\\n\\","    <a href=\"https://github.com/kaizhu256/node-utility2\" target=\"_blank\">utility2</a>\\n\\","    ]\\n\\","</div>\\n\\","</body>\\n\\","</html>\\n\\","';","        /* jslint-ignore-end */","        if (local.templateRender) {","            local.assetsDict['/'] = local.templateRender(","                local.assetsDict['/assets.index.template.html'],","                {","                    env: local.objectSetDefault(local.env, {","                        npm_package_description: 'the greatest app in the world!',","                        npm_package_name: 'my-app',","                        npm_package_nameAlias: 'my_app',","                        npm_package_version: '0.0.1'","                    })","                }","            );","        } else {","            local.assetsDict['/'] = local.assetsDict['/assets.index.template.html']","                .replace((/\\{\\{env\\.(\\w+?)\\}\\}/g), function (match0, match1) {","                    // jslint-hack","                    String(match0);","                    switch (match1) {","                    case 'npm_package_description':","                        return 'the greatest app in the world!';","                    case 'npm_package_name':","                        return 'my-app';","                    case 'npm_package_nameAlias':","                        return 'my_app';","                    case 'npm_package_version':","                        return '0.0.1';","                    }","                });","        }","        // run the cli","        if (local.global.utility2_rollup || module !== require.main) {","            break;","        }","        local.assetsDict['/assets.example.js'] =","            local.assetsDict['/assets.example.js'] ||","            local.fs.readFileSync(__filename, 'utf8');","        // bug-workaround - long $npm_package_buildCustomOrg","        /* jslint-ignore-begin */","        local.assetsDict['/assets.npmtest_manifoldjs.rollup.js'] =","            local.assetsDict['/assets.npmtest_manifoldjs.rollup.js'] ||","            local.fs.readFileSync(","                local.npmtest_manifoldjs.__dirname + '/lib.npmtest_manifoldjs.js',","                'utf8'","            ).replace((/^#!/), '//');","        /* jslint-ignore-end */","        local.assetsDict['/favicon.ico'] = local.assetsDict['/favicon.ico'] || '';","        // if $npm_config_timeout_exit exists,","        // then exit this process after $npm_config_timeout_exit ms","        if (Number(process.env.npm_config_timeout_exit)) {","            setTimeout(process.exit, Number(process.env.npm_config_timeout_exit));","        }","        // start server","        if (local.global.utility2_serverHttp1) {","            break;","        }","        process.env.PORT = process.env.PORT || '8081';","        console.error('server starting on port ' + process.env.PORT);","        local.http.createServer(function (request, response) {","            request.urlParsed = local.url.parse(request.url);","            if (local.assetsDict[request.urlParsed.pathname] !== undefined) {","                response.end(local.assetsDict[request.urlParsed.pathname]);","                return;","            }","            response.statusCode = 404;","            response.end();","        }).listen(process.env.PORT);","        break;","    }","}());",""],"l":{"26":2,"28":2,"33":2,"35":2,"37":2,"38":2,"39":2,"44":1,"51":2,"55":2,"59":2,"61":2,"69":1,"70":2,"76":2,"79":2,"82":2,"83":2,"85":1,"89":2,"92":1,"93":1,"94":1,"96":1,"97":1,"100":1,"101":1,"103":1,"106":1,"108":2,"114":1,"116":1,"118":1,"123":1,"124":2,"125":2,"126":3,"127":3,"128":3,"129":3,"130":1,"133":3,"134":3,"139":3,"143":1,"144":3,"145":1,"149":1,"150":1,"158":1,"160":1,"161":1,"162":1,"164":1,"166":1,"258":1,"259":1,"271":1,"274":6,"275":6,"277":1,"279":2,"281":1,"283":2,"288":1,"289":1,"291":1,"296":1,"303":1,"306":1,"307":1,"310":1,"311":1,"313":1,"314":1,"315":1,"316":1,"317":1,"318":1,"319":1,"321":1,"322":1,"324":1}},"/home/travis/build/npmtest/node-npmtest-manifoldjs/node_modules/manifoldjs/index.js":{"path":"/home/travis/build/npmtest/node-npmtest-manifoldjs/node_modules/manifoldjs/index.js","s":{"1":1,"2":1,"3":1,"4":1},"b":{},"f":{},"fnMap":{},"statementMap":{"1":{"start":{"line":14,"column":0},"end":{"line":14,"column":36}},"2":{"start":{"line":15,"column":0},"end":{"line":15,"column":53}},"3":{"start":{"line":18,"column":0},"end":{"line":38,"column":2}},"4":{"start":{"line":40,"column":0},"end":{"line":45,"column":2}}},"branchMap":{},"code":["﻿/**"," * **NOTE**: Use of manifoldjs as a library is now DEPRECATED. Use manifoldjs-lib instead."," *"," * The top-level API for `manifoldjs`. Provides access to the key libraries in"," * manifoldjs so you can write your own tools using `manifoldjs` as a library."," *"," * Usage"," * -----"," *"," *      var manifoldjs = require('manifoldjs');"," *"," */","","var lib = require('manifoldjs-lib');","var libValidationContants = lib.constants.validation;","","// Maintain compatibility with original constant definitions","var validationConstants = {","  levels:           libValidationContants.levels,","  codes:            libValidationContants.codes,","  manifestMembers:  libValidationContants.manifestMembers,","  platforms: {","    all: 'all',","    android: 'android',","    chrome: 'chrome',","    firefox: 'firefox',","    ios: 'ios',","    windows: 'windows'","  },","  platformDisplayNames: {","    all: 'All Platforms',","    android: 'Android',","    chrome: 'Chrome',","    firefox: 'Firefox',","    ios: 'iOS',","    windows: 'Windows'","  }","};","","module.exports = {","  manifestTools:        lib.manifestTools,","  validationConstants:  validationConstants,","  projectBuilder:       lib.projectBuilder,","  projectTools:         lib.projectTools","};",""],"l":{"14":1,"15":1,"18":1,"40":1}},"/home/travis/build/npmtest/node-npmtest-manifoldjs/node_modules/manifoldjs-lib/index.js":{"path":"/home/travis/build/npmtest/node-npmtest-manifoldjs/node_modules/manifoldjs-lib/index.js","s":{"1":1},"b":{},"f":{},"fnMap":{},"statementMap":{"1":{"start":{"line":3,"column":0},"end":{"line":19,"column":2}}},"branchMap":{},"code":["'use strict';","","module.exports = {","  ProgressIndicator: require('./lib/progress'),","  PlatformBase: require('./lib/platformBase'),","  CustomError: require('./lib/customError'),","  constants: require('./lib/constants'),","  utils: require('./lib/utils'),","  validations: require('./lib/validations'),","  manifestTools: require('./lib/manifestTools'),","  projectBuilder: require('./lib/projectBuilder'),","  projectTools: require('./lib/projectTools'),","  platformTools: require('./lib/platformTools'),","  packageTools: require('./lib/packageTools'),","  processTools: require('./lib/processTools'),","  fileTools: require('./lib/fileTools'),","  iconTools: require('./lib/iconTools'),","  log: require('./lib/log')","};"],"l":{"3":1}},"/home/travis/build/npmtest/node-npmtest-manifoldjs/node_modules/manifoldjs-lib/lib/progress.js":{"path":"/home/travis/build/npmtest/node-npmtest-manifoldjs/node_modules/manifoldjs-lib/lib/progress.js","s":{"1":1,"2":1,"3":1,"4":1,"5":1,"6":0,"7":0,"8":1,"9":0,"10":0,"11":0,"12":0,"13":0,"14":0,"15":1,"16":0,"17":1,"18":1,"19":1,"20":1,"21":1,"22":1,"23":1,"24":1,"25":1,"26":0,"27":0,"28":0,"29":1,"30":1,"31":1,"32":1,"33":1,"34":0,"35":1,"36":0,"37":0,"38":1,"39":0,"40":0,"41":0,"42":0,"43":0,"44":0,"45":0,"46":0,"47":0,"48":0,"49":1,"50":0,"51":0,"52":0,"53":0,"54":0,"55":0,"56":0,"57":0,"58":1,"59":1},"b":{"1":[0,0],"2":[0,0],"3":[1,1],"4":[1,1],"5":[1,1],"6":[1,0],"7":[1,1],"8":[0,0],"9":[1,0],"10":[0,0],"11":[0,0],"12":[0,0],"13":[0,0],"14":[0,0],"15":[0,0]},"f":{"1":1,"2":0,"3":0,"4":0,"5":0,"6":0,"7":0,"8":0,"9":0,"10":0},"fnMap":{"1":{"name":"ProgressIndicator","line":13,"loc":{"start":{"line":13,"column":0},"end":{"line":13,"column":71}}},"2":{"name":"fillChars","line":15,"loc":{"start":{"line":15,"column":2},"end":{"line":15,"column":36}}},"3":{"name":"(anonymous_3)","line":16,"loc":{"start":{"line":16,"column":52},"end":{"line":16,"column":64}}},"4":{"name":"renderBar","line":21,"loc":{"start":{"line":21,"column":2},"end":{"line":21,"column":29}}},"5":{"name":"renderCompact","line":33,"loc":{"start":{"line":33,"column":2},"end":{"line":33,"column":33}}},"6":{"name":"(anonymous_6)","line":62,"loc":{"start":{"line":62,"column":27},"end":{"line":62,"column":39}}},"7":{"name":"update","line":66,"loc":{"start":{"line":66,"column":16},"end":{"line":66,"column":35}}},"8":{"name":"start","line":78,"loc":{"start":{"line":78,"column":15},"end":{"line":78,"column":36}}},"9":{"name":"(anonymous_9)","line":88,"loc":{"start":{"line":88,"column":26},"end":{"line":88,"column":38}}},"10":{"name":"reset","line":96,"loc":{"start":{"line":96,"column":15},"end":{"line":96,"column":33}}}},"statementMap":{"1":{"start":{"line":3,"column":0},"end":{"line":3,"column":27}},"2":{"start":{"line":5,"column":0},"end":{"line":8,"column":2}},"3":{"start":{"line":10,"column":0},"end":{"line":10,"column":31}},"4":{"start":{"line":13,"column":0},"end":{"line":110,"column":1}},"5":{"start":{"line":15,"column":2},"end":{"line":19,"column":3}},"6":{"start":{"line":16,"column":4},"end":{"line":18,"column":16}},"7":{"start":{"line":17,"column":6},"end":{"line":17,"column":18}},"8":{"start":{"line":21,"column":2},"end":{"line":31,"column":3}},"9":{"start":{"line":22,"column":4},"end":{"line":22,"column":28}},"10":{"start":{"line":23,"column":4},"end":{"line":25,"column":5}},"11":{"start":{"line":24,"column":6},"end":{"line":24,"column":29}},"12":{"start":{"line":27,"column":4},"end":{"line":29,"column":5}},"13":{"start":{"line":28,"column":6},"end":{"line":28,"column":38}},"14":{"start":{"line":30,"column":4},"end":{"line":30,"column":77}},"15":{"start":{"line":33,"column":2},"end":{"line":35,"column":3}},"16":{"start":{"line":34,"column":4},"end":{"line":34,"column":42}},"17":{"start":{"line":37,"column":2},"end":{"line":37,"column":18}},"18":{"start":{"line":39,"column":2},"end":{"line":39,"column":35}},"19":{"start":{"line":41,"column":2},"end":{"line":41,"column":26}},"20":{"start":{"line":42,"column":2},"end":{"line":42,"column":36}},"21":{"start":{"line":43,"column":2},"end":{"line":43,"column":26}},"22":{"start":{"line":44,"column":2},"end":{"line":53,"column":3}},"23":{"start":{"line":46,"column":6},"end":{"line":46,"column":33}},"24":{"start":{"line":47,"column":6},"end":{"line":47,"column":29}},"25":{"start":{"line":48,"column":6},"end":{"line":48,"column":12}},"26":{"start":{"line":50,"column":6},"end":{"line":50,"column":34}},"27":{"start":{"line":51,"column":6},"end":{"line":51,"column":25}},"28":{"start":{"line":52,"column":6},"end":{"line":52,"column":12}},"29":{"start":{"line":55,"column":2},"end":{"line":55,"column":23}},"30":{"start":{"line":56,"column":2},"end":{"line":56,"column":16}},"31":{"start":{"line":58,"column":2},"end":{"line":60,"column":3}},"32":{"start":{"line":59,"column":4},"end":{"line":59,"column":26}},"33":{"start":{"line":62,"column":2},"end":{"line":64,"column":5}},"34":{"start":{"line":63,"column":4},"end":{"line":63,"column":17}},"35":{"start":{"line":66,"column":2},"end":{"line":76,"column":4}},"36":{"start":{"line":67,"column":4},"end":{"line":75,"column":5}},"37":{"start":{"line":70,"column":6},"end":{"line":74,"column":21}},"38":{"start":{"line":78,"column":2},"end":{"line":94,"column":4}},"39":{"start":{"line":79,"column":4},"end":{"line":79,"column":17}},"40":{"start":{"line":81,"column":4},"end":{"line":83,"column":5}},"41":{"start":{"line":82,"column":6},"end":{"line":82,"column":20}},"42":{"start":{"line":85,"column":4},"end":{"line":93,"column":5}},"43":{"start":{"line":86,"column":6},"end":{"line":86,"column":20}},"44":{"start":{"line":87,"column":6},"end":{"line":87,"column":20}},"45":{"start":{"line":88,"column":6},"end":{"line":91,"column":41}},"46":{"start":{"line":89,"column":8},"end":{"line":89,"column":32}},"47":{"start":{"line":90,"column":8},"end":{"line":90,"column":22}},"48":{"start":{"line":92,"column":6},"end":{"line":92,"column":20}},"49":{"start":{"line":96,"column":2},"end":{"line":109,"column":4}},"50":{"start":{"line":97,"column":4},"end":{"line":100,"column":5}},"51":{"start":{"line":98,"column":6},"end":{"line":98,"column":27}},"52":{"start":{"line":99,"column":6},"end":{"line":99,"column":19}},"53":{"start":{"line":102,"column":4},"end":{"line":106,"column":5}},"54":{"start":{"line":103,"column":6},"end":{"line":103,"column":25}},"55":{"start":{"line":104,"column":6},"end":{"line":104,"column":21}},"56":{"start":{"line":105,"column":6},"end":{"line":105,"column":20}},"57":{"start":{"line":108,"column":4},"end":{"line":108,"column":14}},"58":{"start":{"line":112,"column":0},"end":{"line":112,"column":32}},"59":{"start":{"line":114,"column":0},"end":{"line":114,"column":35}}},"branchMap":{"1":{"line":23,"type":"if","locations":[{"start":{"line":23,"column":4},"end":{"line":23,"column":4}},{"start":{"line":23,"column":4},"end":{"line":23,"column":4}}]},"2":{"line":27,"type":"if","locations":[{"start":{"line":27,"column":4},"end":{"line":27,"column":4}},{"start":{"line":27,"column":4},"end":{"line":27,"column":4}}]},"3":{"line":41,"type":"binary-expr","locations":[{"start":{"line":41,"column":12},"end":{"line":41,"column":19}},{"start":{"line":41,"column":23},"end":{"line":41,"column":25}}]},"4":{"line":42,"type":"binary-expr","locations":[{"start":{"line":42,"column":11},"end":{"line":42,"column":17}},{"start":{"line":42,"column":21},"end":{"line":42,"column":35}}]},"5":{"line":43,"type":"binary-expr","locations":[{"start":{"line":43,"column":12},"end":{"line":43,"column":19}},{"start":{"line":43,"column":23},"end":{"line":43,"column":25}}]},"6":{"line":44,"type":"switch","locations":[{"start":{"line":45,"column":4},"end":{"line":48,"column":12}},{"start":{"line":49,"column":4},"end":{"line":52,"column":12}}]},"7":{"line":44,"type":"binary-expr","locations":[{"start":{"line":44,"column":10},"end":{"line":44,"column":23}},{"start":{"line":44,"column":27},"end":{"line":44,"column":40}}]},"8":{"line":50,"type":"binary-expr","locations":[{"start":{"line":50,"column":14},"end":{"line":50,"column":27}},{"start":{"line":50,"column":31},"end":{"line":50,"column":33}}]},"9":{"line":58,"type":"if","locations":[{"start":{"line":58,"column":2},"end":{"line":58,"column":2}},{"start":{"line":58,"column":2},"end":{"line":58,"column":2}}]},"10":{"line":67,"type":"if","locations":[{"start":{"line":67,"column":4},"end":{"line":67,"column":4}},{"start":{"line":67,"column":4},"end":{"line":67,"column":4}}]},"11":{"line":81,"type":"if","locations":[{"start":{"line":81,"column":4},"end":{"line":81,"column":4}},{"start":{"line":81,"column":4},"end":{"line":81,"column":4}}]},"12":{"line":85,"type":"if","locations":[{"start":{"line":85,"column":4},"end":{"line":85,"column":4}},{"start":{"line":85,"column":4},"end":{"line":85,"column":4}}]},"13":{"line":91,"type":"binary-expr","locations":[{"start":{"line":91,"column":9},"end":{"line":91,"column":32}},{"start":{"line":91,"column":36},"end":{"line":91,"column":39}}]},"14":{"line":97,"type":"if","locations":[{"start":{"line":97,"column":4},"end":{"line":97,"column":4}},{"start":{"line":97,"column":4},"end":{"line":97,"column":4}}]},"15":{"line":102,"type":"if","locations":[{"start":{"line":102,"column":4},"end":{"line":102,"column":4}},{"start":{"line":102,"column":4},"end":{"line":102,"column":4}}]}},"code":["'use strict';","","var ansi = require('ansi'); ","","var style = {","  compact: 0,","  bar: 1","};","","var compactText = '\\u2014\\\\|/';","// var compactText = ' .*°*.';","","function ProgressIndicator (message, options, updateFrequency, stream) {  ","","  function fillChars (char, length) {","    return Array.apply(null, new Array(length)).map(function () {","      return char;","    }).join('');","  }","   ","  function renderBar (value) {","    var len = value % width;","    if (len === 0) {","      decrement = !decrement;","    }","    ","    if (decrement) {","      len = Math.abs(len - width + 1);      ","    }","    return '[' + fillChars('▓', len) + fillChars('░', width - len - 1) + ']';","  }","","  function renderCompact (value) {","    return '(' + compactText[value] + ')';","  }","","  var self = this;","    ","  var cursor, width, render, timer;","  ","  message = message || '';    ","  stream = stream || process.stdout;","  options = options || {};","  switch (options.style || style.compact) {","    case style.compact:","      width = compactText.length;","      render = renderCompact;","      break;","    case style.bar:","      width = options.width || 20;","      render = renderBar;","      break;","  }","  ","  var decrement = true;","  var index = 0;  ","  ","  if (stream.isTTY) {","    cursor = ansi(stream);","  }","","  process.on('beforeExit', function () {","    self.reset();","  });","","  self.update = function update () {","    if (cursor) {","      // savePosition & restorePosition do not seem to work in Mac OS X","      // replaced with horizontalAbsolute","      cursor //.savePosition()","            .write(message + render(index))","            // .restorePosition()","            .horizontalAbsolute(0)","            .reset();      ","    }","  };","  ","  self.start = function start (msg) {","    self.reset();","    ","    if (msg) {","      message = msg;","    }","    ","    if (cursor) {","      cursor.hide();","      self.update();","      timer = setInterval(function () {","        index = ++index % width;","        self.update();","      }, options.updateFrequency || 100);","      timer.unref();","    }    ","  };","  ","  self.reset = function reset () {","    if (timer) {","      clearInterval(timer);","      timer = null;      ","    }","    ","    if (cursor) {","      cursor.eraseLine();","      cursor.reset();","      cursor.show();","    }","    ","    index = 0;","  };","}","","ProgressIndicator.style = style;","","module.exports = ProgressIndicator;",""],"l":{"3":1,"5":1,"10":1,"13":1,"15":1,"16":0,"17":0,"21":1,"22":0,"23":0,"24":0,"27":0,"28":0,"30":0,"33":1,"34":0,"37":1,"39":1,"41":1,"42":1,"43":1,"44":1,"46":1,"47":1,"48":1,"50":0,"51":0,"52":0,"55":1,"56":1,"58":1,"59":1,"62":1,"63":0,"66":1,"67":0,"70":0,"78":1,"79":0,"81":0,"82":0,"85":0,"86":0,"87":0,"88":0,"89":0,"90":0,"92":0,"96":1,"97":0,"98":0,"99":0,"102":0,"103":0,"104":0,"105":0,"108":0,"112":1,"114":1}},"/home/travis/build/npmtest/node-npmtest-manifoldjs/node_modules/manifoldjs-lib/lib/platformBase.js":{"path":"/home/travis/build/npmtest/node-npmtest-manifoldjs/node_modules/manifoldjs-lib/lib/platformBase.js","s":{"1":1,"2":1,"3":1,"4":0,"5":0,"6":0,"7":0,"8":0,"9":0,"10":0,"11":0,"12":0,"13":0,"14":0,"15":0,"16":0,"17":0,"18":0,"19":0,"20":0,"21":0,"22":0,"23":0,"24":0,"25":0,"26":0,"27":0,"28":0,"29":0,"30":0,"31":0,"32":0,"33":0,"34":0,"35":0,"36":0,"37":0,"38":0,"39":0,"40":0,"41":0,"42":0,"43":0,"44":0,"45":0,"46":0,"47":0,"48":0,"49":0,"50":0,"51":0,"52":0,"53":0,"54":0,"55":0,"56":0,"57":0,"58":0,"59":0,"60":0,"61":0,"62":0,"63":0,"64":0,"65":0,"66":0,"67":0,"68":0,"69":0,"70":0,"71":0,"72":0,"73":0,"74":0,"75":0,"76":0,"77":0,"78":0,"79":0,"80":0,"81":0,"82":0,"83":0,"84":0,"85":0,"86":0,"87":0,"88":0,"89":0,"90":0,"91":0,"92":0,"93":0,"94":0,"95":0,"96":0,"97":0,"98":0,"99":0,"100":0,"101":0,"102":0,"103":0,"104":0,"105":0,"106":0,"107":0,"108":1},"b":{"1":[0,0],"2":[0,0],"3":[0,0],"4":[0,0],"5":[0,0],"6":[0,0],"7":[0,0],"8":[0,0],"9":[0,0],"10":[0,0],"11":[0,0],"12":[0,0],"13":[0,0],"14":[0,0],"15":[0,0],"16":[0,0],"17":[0,0],"18":[0,0],"19":[0,0],"20":[0,0],"21":[0,0],"22":[0,0],"23":[0,0],"24":[0,0]},"f":{"1":0,"2":0,"3":0,"4":0,"5":0,"6":0,"7":0,"8":0,"9":0,"10":0,"11":0,"12":0,"13":0,"14":0,"15":0,"16":0,"17":0,"18":0,"19":0,"20":0,"21":0,"22":0,"23":0,"24":0,"25":0,"26":0,"27":0,"28":0,"29":0,"30":0,"31":0},"fnMap":{"1":{"name":"PlatformBase","line":15,"loc":{"start":{"line":15,"column":0},"end":{"line":15,"column":55}}},"2":{"name":"(anonymous_2)","line":29,"loc":{"start":{"line":29,"column":16},"end":{"line":29,"column":71}}},"3":{"name":"(anonymous_3)","line":39,"loc":{"start":{"line":39,"column":13},"end":{"line":39,"column":54}}},"4":{"name":"(anonymous_4)","line":49,"loc":{"start":{"line":49,"column":17},"end":{"line":49,"column":58}}},"5":{"name":"(anonymous_5)","line":59,"loc":{"start":{"line":59,"column":14},"end":{"line":59,"column":55}}},"6":{"name":"(anonymous_6)","line":71,"loc":{"start":{"line":71,"column":28},"end":{"line":71,"column":59}}},"7":{"name":"(anonymous_7)","line":80,"loc":{"start":{"line":80,"column":54},"end":{"line":80,"column":71}}},"8":{"name":"(anonymous_8)","line":85,"loc":{"start":{"line":85,"column":11},"end":{"line":85,"column":23}}},"9":{"name":"(anonymous_9)","line":88,"loc":{"start":{"line":88,"column":57},"end":{"line":88,"column":74}}},"10":{"name":"(anonymous_10)","line":110,"loc":{"start":{"line":110,"column":26},"end":{"line":110,"column":46}}},"11":{"name":"(anonymous_11)","line":111,"loc":{"start":{"line":111,"column":49},"end":{"line":111,"column":65}}},"12":{"name":"(anonymous_12)","line":125,"loc":{"start":{"line":125,"column":25},"end":{"line":125,"column":51}}},"13":{"name":"(anonymous_13)","line":141,"loc":{"start":{"line":141,"column":25},"end":{"line":141,"column":61}}},"14":{"name":"(anonymous_14)","line":154,"loc":{"start":{"line":154,"column":23},"end":{"line":154,"column":73}}},"15":{"name":"(anonymous_15)","line":159,"loc":{"start":{"line":159,"column":28},"end":{"line":159,"column":40}}},"16":{"name":"(anonymous_16)","line":163,"loc":{"start":{"line":163,"column":38},"end":{"line":163,"column":54}}},"17":{"name":"(anonymous_17)","line":171,"loc":{"start":{"line":171,"column":48},"end":{"line":171,"column":67}}},"18":{"name":"(anonymous_18)","line":172,"loc":{"start":{"line":172,"column":26},"end":{"line":172,"column":44}}},"19":{"name":"(anonymous_19)","line":181,"loc":{"start":{"line":181,"column":10},"end":{"line":181,"column":22}}},"20":{"name":"(anonymous_20)","line":185,"loc":{"start":{"line":185,"column":16},"end":{"line":185,"column":32}}},"21":{"name":"(anonymous_21)","line":191,"loc":{"start":{"line":191,"column":14},"end":{"line":191,"column":31}}},"22":{"name":"(anonymous_22)","line":192,"loc":{"start":{"line":192,"column":22},"end":{"line":192,"column":38}}},"23":{"name":"(anonymous_23)","line":201,"loc":{"start":{"line":201,"column":13},"end":{"line":201,"column":28}}},"24":{"name":"(anonymous_24)","line":216,"loc":{"start":{"line":216,"column":27},"end":{"line":216,"column":69}}},"25":{"name":"(anonymous_25)","line":229,"loc":{"start":{"line":229,"column":63},"end":{"line":229,"column":78}}},"26":{"name":"(anonymous_26)","line":240,"loc":{"start":{"line":240,"column":29},"end":{"line":240,"column":75}}},"27":{"name":"(anonymous_27)","line":279,"loc":{"start":{"line":279,"column":15},"end":{"line":279,"column":42}}},"28":{"name":"(anonymous_28)","line":286,"loc":{"start":{"line":286,"column":14},"end":{"line":286,"column":41}}},"29":{"name":"(anonymous_29)","line":293,"loc":{"start":{"line":293,"column":14},"end":{"line":293,"column":41}}},"30":{"name":"(anonymous_30)","line":300,"loc":{"start":{"line":300,"column":15},"end":{"line":300,"column":42}}},"31":{"name":"(anonymous_31)","line":307,"loc":{"start":{"line":307,"column":15},"end":{"line":307,"column":42}}}},"statementMap":{"1":{"start":{"line":3,"column":0},"end":{"line":6,"column":25}},"2":{"start":{"line":8,"column":0},"end":{"line":13,"column":31}},"3":{"start":{"line":15,"column":0},"end":{"line":310,"column":1}},"4":{"start":{"line":16,"column":2},"end":{"line":16,"column":18}},"5":{"start":{"line":18,"column":2},"end":{"line":18,"column":15}},"6":{"start":{"line":19,"column":2},"end":{"line":19,"column":19}},"7":{"start":{"line":20,"column":2},"end":{"line":20,"column":33}},"8":{"start":{"line":21,"column":2},"end":{"line":21,"column":25}},"9":{"start":{"line":22,"column":2},"end":{"line":22,"column":17}},"10":{"start":{"line":29,"column":2},"end":{"line":32,"column":4}},"11":{"start":{"line":30,"column":4},"end":{"line":31,"column":31}},"12":{"start":{"line":39,"column":2},"end":{"line":42,"column":4}},"13":{"start":{"line":40,"column":4},"end":{"line":40,"column":81}},"14":{"start":{"line":41,"column":4},"end":{"line":41,"column":41}},"15":{"start":{"line":49,"column":2},"end":{"line":52,"column":4}},"16":{"start":{"line":50,"column":4},"end":{"line":50,"column":85}},"17":{"start":{"line":51,"column":4},"end":{"line":51,"column":41}},"18":{"start":{"line":59,"column":2},"end":{"line":62,"column":4}},"19":{"start":{"line":60,"column":4},"end":{"line":60,"column":82}},"20":{"start":{"line":61,"column":4},"end":{"line":61,"column":41}},"21":{"start":{"line":71,"column":2},"end":{"line":98,"column":4}},"22":{"start":{"line":73,"column":4},"end":{"line":76,"column":5}},"23":{"start":{"line":74,"column":6},"end":{"line":74,"column":73}},"24":{"start":{"line":75,"column":6},"end":{"line":75,"column":45}},"25":{"start":{"line":79,"column":4},"end":{"line":79,"column":72}},"26":{"start":{"line":80,"column":4},"end":{"line":97,"column":23}},"27":{"start":{"line":81,"column":6},"end":{"line":83,"column":7}},"28":{"start":{"line":82,"column":8},"end":{"line":82,"column":80}},"29":{"start":{"line":87,"column":6},"end":{"line":87,"column":59}},"30":{"start":{"line":88,"column":6},"end":{"line":95,"column":9}},"31":{"start":{"line":89,"column":8},"end":{"line":91,"column":9}},"32":{"start":{"line":90,"column":10},"end":{"line":90,"column":83}},"33":{"start":{"line":93,"column":8},"end":{"line":93,"column":143}},"34":{"start":{"line":94,"column":8},"end":{"line":94,"column":29}},"35":{"start":{"line":110,"column":2},"end":{"line":112,"column":4}},"36":{"start":{"line":111,"column":4},"end":{"line":111,"column":99}},"37":{"start":{"line":111,"column":67},"end":{"line":111,"column":95}},"38":{"start":{"line":125,"column":2},"end":{"line":129,"column":4}},"39":{"start":{"line":127,"column":4},"end":{"line":127,"column":51}},"40":{"start":{"line":128,"column":4},"end":{"line":128,"column":59}},"41":{"start":{"line":141,"column":2},"end":{"line":149,"column":4}},"42":{"start":{"line":142,"column":4},"end":{"line":144,"column":5}},"43":{"start":{"line":143,"column":6},"end":{"line":143,"column":26}},"44":{"start":{"line":147,"column":4},"end":{"line":147,"column":51}},"45":{"start":{"line":148,"column":4},"end":{"line":148,"column":45}},"46":{"start":{"line":154,"column":2},"end":{"line":210,"column":4}},"47":{"start":{"line":155,"column":4},"end":{"line":155,"column":59}},"48":{"start":{"line":158,"column":4},"end":{"line":158,"column":34}},"49":{"start":{"line":159,"column":4},"end":{"line":209,"column":23}},"50":{"start":{"line":160,"column":6},"end":{"line":178,"column":7}},"51":{"start":{"line":161,"column":8},"end":{"line":161,"column":52}},"52":{"start":{"line":163,"column":8},"end":{"line":169,"column":11}},"53":{"start":{"line":164,"column":10},"end":{"line":164,"column":42}},"54":{"start":{"line":165,"column":10},"end":{"line":165,"column":55}},"55":{"start":{"line":166,"column":10},"end":{"line":166,"column":70}},"56":{"start":{"line":167,"column":10},"end":{"line":167,"column":60}},"57":{"start":{"line":168,"column":10},"end":{"line":168,"column":58}},"58":{"start":{"line":171,"column":8},"end":{"line":177,"column":11}},"59":{"start":{"line":172,"column":10},"end":{"line":176,"column":13}},"60":{"start":{"line":173,"column":12},"end":{"line":175,"column":13}},"61":{"start":{"line":174,"column":14},"end":{"line":174,"column":84}},"62":{"start":{"line":182,"column":6},"end":{"line":182,"column":73}},"63":{"start":{"line":183,"column":6},"end":{"line":207,"column":9}},"64":{"start":{"line":188,"column":10},"end":{"line":188,"column":61}},"65":{"start":{"line":189,"column":10},"end":{"line":189,"column":55}},"66":{"start":{"line":192,"column":8},"end":{"line":199,"column":11}},"67":{"start":{"line":194,"column":10},"end":{"line":194,"column":56}},"68":{"start":{"line":197,"column":10},"end":{"line":197,"column":61}},"69":{"start":{"line":198,"column":10},"end":{"line":198,"column":57}},"70":{"start":{"line":202,"column":8},"end":{"line":204,"column":9}},"71":{"start":{"line":203,"column":10},"end":{"line":203,"column":31}},"72":{"start":{"line":206,"column":8},"end":{"line":206,"column":96}},"73":{"start":{"line":216,"column":2},"end":{"line":234,"column":4}},"74":{"start":{"line":218,"column":4},"end":{"line":223,"column":5}},"75":{"start":{"line":219,"column":6},"end":{"line":222,"column":7}},"76":{"start":{"line":220,"column":8},"end":{"line":220,"column":28}},"77":{"start":{"line":221,"column":8},"end":{"line":221,"column":22}},"78":{"start":{"line":225,"column":4},"end":{"line":225,"column":69}},"79":{"start":{"line":227,"column":4},"end":{"line":227,"column":96}},"80":{"start":{"line":229,"column":4},"end":{"line":233,"column":23}},"81":{"start":{"line":231,"column":6},"end":{"line":231,"column":119}},"82":{"start":{"line":240,"column":2},"end":{"line":274,"column":4}},"83":{"start":{"line":242,"column":4},"end":{"line":242,"column":57}},"84":{"start":{"line":243,"column":4},"end":{"line":246,"column":5}},"85":{"start":{"line":244,"column":6},"end":{"line":244,"column":80}},"86":{"start":{"line":245,"column":6},"end":{"line":245,"column":41}},"87":{"start":{"line":248,"column":4},"end":{"line":248,"column":78}},"88":{"start":{"line":249,"column":4},"end":{"line":252,"column":5}},"89":{"start":{"line":250,"column":6},"end":{"line":250,"column":97}},"90":{"start":{"line":251,"column":6},"end":{"line":251,"column":46}},"91":{"start":{"line":254,"column":4},"end":{"line":254,"column":114}},"92":{"start":{"line":256,"column":4},"end":{"line":264,"column":6}},"93":{"start":{"line":266,"column":4},"end":{"line":268,"column":5}},"94":{"start":{"line":267,"column":6},"end":{"line":267,"column":65}},"95":{"start":{"line":270,"column":4},"end":{"line":270,"column":64}},"96":{"start":{"line":271,"column":4},"end":{"line":271,"column":118}},"97":{"start":{"line":272,"column":4},"end":{"line":273,"column":31}},"98":{"start":{"line":279,"column":2},"end":{"line":281,"column":4}},"99":{"start":{"line":280,"column":4},"end":{"line":280,"column":47}},"100":{"start":{"line":286,"column":2},"end":{"line":288,"column":4}},"101":{"start":{"line":287,"column":4},"end":{"line":287,"column":46}},"102":{"start":{"line":293,"column":2},"end":{"line":295,"column":4}},"103":{"start":{"line":294,"column":4},"end":{"line":294,"column":46}},"104":{"start":{"line":300,"column":2},"end":{"line":302,"column":4}},"105":{"start":{"line":301,"column":4},"end":{"line":301,"column":47}},"106":{"start":{"line":307,"column":2},"end":{"line":309,"column":4}},"107":{"start":{"line":308,"column":4},"end":{"line":308,"column":47}},"108":{"start":{"line":312,"column":0},"end":{"line":312,"column":30}}},"branchMap":{"1":{"line":73,"type":"if","locations":[{"start":{"line":73,"column":4},"end":{"line":73,"column":4}},{"start":{"line":73,"column":4},"end":{"line":73,"column":4}}]},"2":{"line":81,"type":"if","locations":[{"start":{"line":81,"column":6},"end":{"line":81,"column":6}},{"start":{"line":81,"column":6},"end":{"line":81,"column":6}}]},"3":{"line":89,"type":"if","locations":[{"start":{"line":89,"column":8},"end":{"line":89,"column":8}},{"start":{"line":89,"column":8},"end":{"line":89,"column":8}}]},"4":{"line":111,"type":"binary-expr","locations":[{"start":{"line":111,"column":23},"end":{"line":111,"column":37}},{"start":{"line":111,"column":41},"end":{"line":111,"column":43}}]},"5":{"line":128,"type":"binary-expr","locations":[{"start":{"line":128,"column":11},"end":{"line":128,"column":25}},{"start":{"line":128,"column":29},"end":{"line":128,"column":58}}]},"6":{"line":142,"type":"if","locations":[{"start":{"line":142,"column":4},"end":{"line":142,"column":4}},{"start":{"line":142,"column":4},"end":{"line":142,"column":4}}]},"7":{"line":160,"type":"if","locations":[{"start":{"line":160,"column":6},"end":{"line":160,"column":6}},{"start":{"line":160,"column":6},"end":{"line":160,"column":6}}]},"8":{"line":164,"type":"binary-expr","locations":[{"start":{"line":164,"column":25},"end":{"line":164,"column":33}},{"start":{"line":164,"column":37},"end":{"line":164,"column":41}}]},"9":{"line":166,"type":"binary-expr","locations":[{"start":{"line":166,"column":25},"end":{"line":166,"column":38}},{"start":{"line":166,"column":42},"end":{"line":166,"column":69}}]},"10":{"line":173,"type":"if","locations":[{"start":{"line":173,"column":12},"end":{"line":173,"column":12}},{"start":{"line":173,"column":12},"end":{"line":173,"column":12}}]},"11":{"line":202,"type":"if","locations":[{"start":{"line":202,"column":8},"end":{"line":202,"column":8}},{"start":{"line":202,"column":8},"end":{"line":202,"column":8}}]},"12":{"line":218,"type":"if","locations":[{"start":{"line":218,"column":4},"end":{"line":218,"column":4}},{"start":{"line":218,"column":4},"end":{"line":218,"column":4}}]},"13":{"line":219,"type":"if","locations":[{"start":{"line":219,"column":6},"end":{"line":219,"column":6}},{"start":{"line":219,"column":6},"end":{"line":219,"column":6}}]},"14":{"line":225,"type":"binary-expr","locations":[{"start":{"line":225,"column":53},"end":{"line":225,"column":61}},{"start":{"line":225,"column":65},"end":{"line":225,"column":67}}]},"15":{"line":243,"type":"if","locations":[{"start":{"line":243,"column":4},"end":{"line":243,"column":4}},{"start":{"line":243,"column":4},"end":{"line":243,"column":4}}]},"16":{"line":249,"type":"if","locations":[{"start":{"line":249,"column":4},"end":{"line":249,"column":4}},{"start":{"line":249,"column":4},"end":{"line":249,"column":4}}]},"17":{"line":254,"type":"binary-expr","locations":[{"start":{"line":254,"column":20},"end":{"line":254,"column":42}},{"start":{"line":254,"column":46},"end":{"line":254,"column":113}}]},"18":{"line":262,"type":"binary-expr","locations":[{"start
[...]
mn":0},"end":{"line":9,"column":41}}},"2":{"name":"(anonymous_2)","line":17,"loc":{"start":{"line":17,"column":63},"end":{"line":17,"column":91}}},"3":{"name":"(anonymous_3)","line":19,"loc":{"start":{"line":19,"column":33},"end":{"line":19,"column":53}}}},"statementMap":{"1":{"start":{"line":3,"column":0},"end":{"line":3,"column":36}},"2":{"start":{"line":5,"column":0},"end":{"line":7,"column":40}},"3":{"start":{"line":9,"column":0},"end":{"line":25,"column":1}},"4":{"start":{"line":10,"column":2},"end":{"line":14,"column":3}},"5":{"start":{"line":11,"column":4},"end":{"line":13,"column":46}},"6":{"start":{"line":16,"column":2},"end":{"line":16,"column":77}},"7":{"start":{"line":17,"column":2},"end":{"line":24,"column":5}},"8":{"start":{"line":19,"column":4},"end":{"line":21,"column":7}},"9":{"start":{"line":20,"column":6},"end":{"line":20,"column":53}},"10":{"start":{"line":23,"column":4},"end":{"line":23,"column":70}},"11":{"start":{"line":27,"column":0},"end":{"line":27,"column":29}}},"branchMap":{"1":{"line":10,"type":"if","locations":[{"start":{"line":10,"column":2},"end":{"line":10,"column":2}},{"start":{"line":10,"column":2},"end":{"line":10,"column":2}}]},"2":{"line":11,"type":"cond-expr","locations":[{"start":{"line":12,"column":16},"end":{"line":12,"column":49}},{"start":{"line":13,"column":16},"end":{"line":13,"column":45}}]},"3":{"line":16,"type":"cond-expr","locations":[{"start":{"line":16,"column":45},"end":{"line":16,"column":58}},{"start":{"line":16,"column":61},"end":{"line":16,"column":76}}]}},"code":["'use strict';","","var lib = require('manifoldjs-lib');","","var log = lib.log,","    platformTools= lib.platformTools,","    projectBuilder = lib.projectBuilder;","","function packageApps(program, platforms) {","  if (!platforms) {","    platforms = program.platforms ? ","                program.platforms.split(/[\\s,]+/) :","                platformTools.listPlatforms();","  }","","  var projectDir = program.args.length < 2 ? process.cwd() : program.args[1];","  return lib.projectTools.getProjectPlatforms(projectDir).then(function (projectPlatforms) {","    // exclude any platforms not present in the project","    platforms = platforms.filter(function (platform) {","      return projectPlatforms.indexOf(platform) >= 0;","    });","    ","    return projectBuilder.packageApps(platforms, projectDir, program); ","  });","}","","module.exports = packageApps;"],"l":{"3":1,"5":1,"9":1,"10":0,"11":0,"16":0,"17":0,"19":0,"20":0,"23":0,"27":1}},"/home/travis/build/npmtest/node-npmtest-manifoldjs/node_modules/manifoldjs/commands/run.js":{"path":"/home/travis/build/npmtest/node-npmtest-manifoldjs/node_modules/manifoldjs/commands/run.js","s":{"1":1,"2":1,"3":1,"4":1,"5":0,"6":0,"7":0,"8":0,"9":0,"10":1},"b":{"1":[0,0],"2":[0,0]},"f":{"1":0},"fnMap":{"1":{"name":"runApp","line":10,"loc":{"start":{"line":10,"column":0},"end":{"line":10,"column":26}}}},"statementMap":{"1":{"start":{"line":3,"column":0},"end":{"line":3,"column":21}},"2":{"start":{"line":5,"column":0},"end":{"line":5,"column":36}},"3":{"start":{"line":7,"column":0},"end":{"line":8,"column":40}},"4":{"start":{"line":10,"column":0},"end":{"line":19,"column":1}},"5":{"start":{"line":12,"column":2},"end":{"line":14,"column":3}},"6":{"start":{"line":13,"column":4},"end":{"line":13,"column":63}},"7":{"start":{"line":16,"column":2},"end":{"line":16,"column":33}},"8":{"start":{"line":17,"column":2},"end":{"line":17,"column":77}},"9":{"start":{"line":18,"column":2},"end":{"line":18,"column":62}},"10":{"start":{"line":21,"column":0},"end":{"line":21,"column":24}}},"branchMap":{"1":{"line":12,"type":"if","locations":[{"start":{"line":12,"column":2},"end":{"line":12,"column":2}},{"start":{"line":12,"column":2},"end":{"line":12,"column":2}}]},"2":{"line":17,"type":"cond-expr","locations":[{"start":{"line":17,"column":45},"end":{"line":17,"column":58}},{"start":{"line":17,"column":61},"end":{"line":17,"column":76}}]}},"code":["'use strict';","","var Q = require('q');","","var lib = require('manifoldjs-lib');","  ","var log = lib.log,","    projectBuilder = lib.projectBuilder;","    ","function runApp (program) {","","  if (program.args.length < 2) {","    return Q.reject(new Error('You must specify a platform.'));","  } ","  ","  var platform = program.args[1];","  var projectDir = program.args.length < 3 ? process.cwd() : program.args[2];","  return projectBuilder.runApp(platform, projectDir, program);","}","","module.exports = runApp;",""],"l":{"3":1,"5":1,"7":1,"10":1,"12":0,"13":0,"16":0,"17":0,"18":0,"21":1}},"/home/travis/build/npmtest/node-npmtest-manifoldjs/node_modules/manifoldjs/commands/open.js":{"path":"/home/travis/build/npmtest/node-npmtest-manifoldjs/node_modules/manifoldjs/commands/open.js","s":{"1":1,"2":1,"3":1,"4":1,"5":0,"6":0,"7":0,"8":0,"9":0,"10":1},"b":{"1":[0,0],"2":[0,0]},"f":{"1":0},"fnMap":{"1":{"name":"openApp","line":10,"loc":{"start":{"line":10,"column":0},"end":{"line":10,"column":27}}}},"statementMap":{"1":{"start":{"line":3,"column":0},"end":{"line":3,"column":21}},"2":{"start":{"line":5,"column":0},"end":{"line":5,"column":36}},"3":{"start":{"line":7,"column":0},"end":{"line":8,"column":40}},"4":{"start":{"line":10,"column":0},"end":{"line":19,"column":1}},"5":{"start":{"line":12,"column":2},"end":{"line":14,"column":3}},"6":{"start":{"line":13,"column":4},"end":{"line":13,"column":63}},"7":{"start":{"line":16,"column":2},"end":{"line":16,"column":33}},"8":{"start":{"line":17,"column":2},"end":{"line":17,"column":77}},"9":{"start":{"line":18,"column":2},"end":{"line":18,"column":63}},"10":{"start":{"line":21,"column":0},"end":{"line":21,"column":25}}},"branchMap":{"1":{"line":12,"type":"if","locations":[{"start":{"line":12,"column":2},"end":{"line":12,"column":2}},{"start":{"line":12,"column":2},"end":{"line":12,"column":2}}]},"2":{"line":17,"type":"cond-expr","locations":[{"start":{"line":17,"column":45},"end":{"line":17,"column":58}},{"start":{"line":17,"column":61},"end":{"line":17,"column":76}}]}},"code":["'use strict';","","var Q = require('q');","","var lib = require('manifoldjs-lib');","  ","var log = lib.log,","    projectBuilder = lib.projectBuilder;","    ","function openApp (program) {","","  if (program.args.length < 2) {","    return Q.reject(new Error('You must specify a platform.'));","  } ","  ","  var platform = program.args[1];","  var projectDir = program.args.length < 3 ? process.cwd() : program.args[2];","  return projectBuilder.openApp(platform, projectDir, program);","}","","module.exports = openApp;",""],"l":{"3":1,"5":1,"7":1,"10":1,"12":0,"13":0,"16":0,"17":0,"18":0,"21":1}},"/home/travis/build/npmtest/node-npmtest-manifoldjs/node_modules/manifoldjs/commands/visualstudio.js":{"path":"/home/travis/build/npmtest/node-npmtest-manifoldjs/node_modules/manifoldjs/commands/visualstudio.js","s":{"1":1,"2":1,"3":1,"4":1,"5":1,"6":0,"7":1,"8":0,"9":0,"10":0,"11":0,"12":1,"13":0,"14":0,"15":0,"16":0,"17":0,"18":0,"19":0,"20":0,"21":0,"22":0,"23":0,"24":0,"25":0,"26":0,"27":0,"28":1},"b":{"1":[0,0],"2":[0,0,0],"3":[0,0],"4":[0,0]},"f":{"1":0,"2":0,"3":0,"4":0,"5":0,"6":0,"7":0,"8":0,"9":0,"10":0},"fnMap":{"1":{"name":"isWindows10Version","line":14,"loc":{"start":{"line":14,"column":0},"end":{"line":14,"column":38}}},"2":{"name":"getWindowsVersion","line":18,"loc":{"start":{"line":18,"column":0},"end":{"line":18,"column":38}}},"3":{"name":"(anonymous_3)","line":20,"loc":{"start":{"line":20,"column":77},"end":{"line":20,"column":95}}},"4":{"name":"(anonymous_4)","line":23,"loc":{"start":{"line":23,"column":10},"end":{"line":23,"column":25}}},"5":{"name":"runApp","line":31,"loc":{"start":{"line":31,"column":0},"end":{"line":31,"column":25}}},"6":{"name":"(anonymous_6)","line":38,"loc":{"start":{"line":38,"column":42},"end":{"line":38,"column":66}}},"7":{"name":"(anonymous_7)","line":39,"loc":{"start":{"line":39,"column":38},"end":{"line":39,"column":57}}},"8":{"name":"(anonymous_8)","line":42,"loc":{"start":{"line":42,"column":34},"end":{"line":42,"column":46}}},"9":{"name":"(anonymous_9)","line":47,"loc":{"start":{"line":47,"column":50},"end":{"line":47,"column":74}}},"10":{"name":"(anonymous_10)","line":50,"loc":{"start":{"line":50,"column":36},"end":{"line":50,"column":48}}}},"statementMap":{"1":{"start":{"line":3,"column":0},"end":{"line":3,"column":21}},"2":{"start":{"line":5,"column":0},"end":{"line":5,"column":36}},"3":{"start":{"line":7,"column":0},"end":{"line":10,"column":18}},"4":{"start":{"line":12,"column":0},"end":{"line":12,"column":29}},"5":{"start":{"line":14,"column":0},"end":{"line":16,"column":1}},"6":{"start":{"line":15,"column":2},"end":{"line":15,"column":29}},"7":{"start":{"line":18,"column":0},"end":{"line":27,"column":1}},"8":{"start":{"line":19,"column":2},"end":{"line":19,"column":44}},"9":{"start":{"line":20,"column":2},"end":{"line":26,"column":21}},"10":{"start":{"line":21,"column":4},"end":{"line":21,"column":32}},"11":{"start":{"line":24,"column":4},"end":{"line":24,"column":89}},"12":{"start":{"line":31,"column":0},"end":{"line":59,"column":1}},"13":{"start":{"line":33,"column":2},"end":{"line":33,"column":111}},"14":{"start":{"line":35,"column":2},"end":{"line":35,"column":27}},"15":{"start":{"line":37,"column":2},"end":{"line":37,"column":26}},"16":{"start":{"line":38,"column":2},"end":{"line":56,"column":5}},"17":{"start":{"line":39,"column":4},"end":{"line":55,"column":7}},"18":{"start":{"line":40,"column":6},"end":{"line":45,"column":7}},"19":{"start":{"line":41,"column":8},"end":{"line":41,"column":39}},"20":{"start":{"line":42,"column":8},"end":{"line":44,"column":11}},"21":{"start":{"line":43,"column":10},"end":{"line":43,"column":29}},"22":{"start":{"line":47,"column":6},"end":{"line":54,"column":9}},"23":{"start":{"line":48,"column":8},"end":{"line":53,"column":9}},"24":{"start":{"line":49,"column":10},"end":{"line":49,"column":39}},"25":{"start":{"line":50,"column":10},"end":{"line":52,"column":13}},"26":{"start":{"line":51,"column":12},"end":{"line":51,"column":31}},"27":{"start":{"line":58,"column":2},"end":{"line":58,"column":26}},"28":{"start":{"line":61,"column":0},"end":{"line":61,"column":24}}},"branchMap":{"1":{"line":40,"type":"if","locations":[{"start":{"line":40,"column":6},"end":{"line":40,"column":6}},{"start":{"line":40,"column":6},"end":{"line":40,"column":6}}]},"2":{"line":40,"type":"binary-expr","locations":[{"start":{"line":40,"column":10},"end":{"line":40,"column":17}},{"start":{"line":40,"column":21},"end":{"line":40,"column":39}},{"start":{"line":40,"column":43},"end":{"line":40,"column":70}}]},"3":{"line":48,"type":"if","locations":[{"start":{"line":48,"column":8},"end":{"line":48,"column":8}},{"start":{"line":48,"column":8},"end":{"line":48,"column":8}}]},"4":{"line":48,"type":"binary-expr","locations":[{"start":{"line":48,"column":12},"end":{"line":48,"column":19}},{"start":{"line":48,"column":23},"end":{"line":48,"column":41}}]}},"code":["'use strict';","","var Q = require('q');","","var lib = require('manifoldjs-lib');","","var CustomError = lib.CustomError,","    exec = lib.processTools.exec,","    fileTools = lib.fileTools,","    log = lib.log;","","var open = require('./open');","","function isWindows10Version (version) {","  return /^10/.test(version);","}","","function getWindowsVersion (callback) {","  log.debug('Obtaining Windows version...');","  exec('powershell', ['(Get-WmiObject win32_operatingsystem).version']).then(function (result) {","    return result.stdout.trim();","  })","  .catch (function (err) {","    return Q.reject(new CustomError('Failed to run the app for Windows platform.', err));    ","  })","  .nodeify(callback); ","}","","// implements the original behavior of the visualstudio command","//  open windows10 project, if available, otherwise, open the windows project","function runApp(program) {","  ","  log.warn('The \\'visualstudio\\' command is deprecated. Use \\'manifoldjs open <windows|windows10>\\' instead.');","  ","  var deferred = Q.defer();","  ","  var dir = process.cwd();","  fileTools.searchFile(dir, 'App.jsproj', function (err, results) {","    Q.ninvoke(getWindowsVersion).then(function (version) {","      if (results && results.length > 0 && isWindows10Version(version)) {","        program.args.push('windows10'); ","        return open(program).then(function () {","          deferred.resolve();","        });","      }","      ","      fileTools.searchFile(dir, 'CordovaApp.sln', function (err, results) {","        if (results && results.length > 0) {","          program.args.push('windows');","          return open(program).then(function () {","            deferred.resolve();","          });","        }","      });","    });","  });","  ","  return deferred.promise;","}","","module.exports = runApp;",""],"l":{"3":1,"5":1,"7":1,"12":1,"14":1,"15":0,"18":1,"19":0,"20":0,"21":0,"24":0,"31":1,"33":0,"35":0,"37":0,"38":0,"39":0,"40":0,"41":0,"42":0,"43":0,"47":0,"48":0,"49":0,"50":0,"51":0,"58":0,"61":1}},"/home/travis/build/npmtest/node-npmtest-manifoldjs/node_modules/manifoldjs/commands/platform.js":{"path":"/home/travis/build/npmtest/node-npmtest-manifoldjs/node_modules/manifoldjs/commands/platform.js","s":{"1":1,"2":1,"3":1,"4":1,"5":1,"6":0,"7":0,"8":0,"9":0,"10":0,"11":0,"12":0,"13":0,"14":1,"15":0,"16":0,"17":0,"18":0,"19":0,"20":1,"21":0,"22":0,"23":0,"24":0,"25":0,"26":1,"27":0,"28":0,"29":0,"30":0,"31":0,"32":0,"33":0,"34":0,"35":1},"b":{"1":[0,0],"2":[0,0],"3":[0,0],"4":[0,0],"5":[0,0,0,0]},"f":{"1":0,"2":0,"3":0,"4":0,"5":0,"6":0},"fnMap":{"1":{"name":"addPlatform","line":15,"loc":{"start":{"line":15,"column":0},"end":{"line":15,"column":31}}},"2":{"name":"(anonymous_2)","line":27,"loc":{"start":{"line":27,"column":60},"end":{"line":27,"column":72}}},"3":{"name":"removePlatform","line":33,"loc":{"start":{"line":33,"column":0},"end":{"line":33,"column":34}}},"4":{"name":"(anonymous_4)","line":40,"loc":{"start":{"line":40,"column":55},"end":{"line":40,"column":67}}},"5":{"name":"listPlatforms","line":45,"loc":{"start":{"line":45,"column":0},"end":{"line":45,"column":33}}},"6":{"name":"platformCommands","line":56,"loc":{"start":{"line":56,"column":0},"end":{"line":56,"column":36}}}},"statementMap":{"1":{"start":{"line":3,"column":0},"end":{"line":4,"column":27}},"2":{"start":{"line":6,"column":0},"end":{"line":6,"column":21}},"3":{"start":{"line":8,"column":0},"end":{"line":8,"column":36}},"4":{"start":{"line":10,"column":0},"end":{"line":12,"column":22}},"5":{"start":{"line":15,"column":0},"end":{"line":30,"column":1}},"6":{"start":{"line":16,"column":2},"end":{"line":18,"column":3}},"7":{"start":{"line":17,"column":4},"end":{"line":17,"column":66}},"8":{"start":{"line":20,"column":2},"end":{"line":22,"column":3}},"9":{"start":{"line":21,"column":4},"end":{"line":21,"column":145}},"10":{"start":{"line":24,"column":2},"end":{"line":24,"column":49}},"11":{"start":{"line":25,"column":2},"end":{"line":25,"column":31}},"12":{"start":{"line":27,"column":2},"end":{"line":29,"column":5}},"13":{"start":{"line":28,"column":4},"end":{"line":28,"column":81}},"14":{"start":{"line":33,"column":0},"end":{"line":43,"column":1}},"15":{"start":{"line":34,"column":2},"end":{"line":36,"column":3}},"16":{"start":{"line":35,"column":4},"end":{"line":35,"column":66}},"17":{"start":{"line":38,"column":2},"end":{"line":38,"column":49}},"18":{"start":{"line":40,"column":2},"end":{"line":42,"column":5}},"19":{"start":{"line":41,"column":4},"end":{"line":41,"column":83}},"20":{"start":{"line":45,"column":0},"end":{"line":54,"column":1}},"21":{"start":{"line":46,"column":2},"end":{"line":53,"column":3}},"22":{"start":{"line":47,"column":4},"end":{"line":47,"column":50}},"23":{"start":{"line":48,"column":4},"end":{"line":48,"column":66}},"24":{"start":{"line":49,"column":4},"end":{"line":49,"column":23}},"25":{"start":{"line":52,"column":4},"end":{"line":52,"column":25}},"26":{"start":{"line":56,"column":0},"end":{"line":75,"column":1}},"27":{"start":{"line":57,"column":2},"end":{"line":59,"column":3}},"28":{"start":{"line":58,"column":4},"end":{"line":58,"column":95}},"29":{"start":{"line":61,"column":2},"end":{"line":61,"column":46}},"30":{"start":{"line":62,"column":2},"end":{"line":74,"column":3}},"31":{"start":{"line":64,"column":6},"end":{"line":64,"column":34}},"32":{"start":{"line":67,"column":6},"end":{"line":67,"column":37}},"33":{"start":{"line":70,"column":6},"end":{"line":70,"column":36}},"34":{"start":{"line":73,"column":6},"end":{"line":73,"column":82}},"35":{"start":{"line":77,"column":0},"end":{"line":77,"column":34}}},"branchMap":{"1":{"line":16,"type":"if","locations":[{"start":{"line":16,"column":2},"end":{"line":16,"column":2}},{"start":{"line":16,"column":2},"end":{"line":16,"column":2}}]},"2":{"line":20,"type":"if","locations":[{"start":{"line":20,"column":2},"end":{"line":20,"column":2}},{"start":{"line":20,"column":2},"end":{"line":20,"column":2}}]},"3":{"line":34,"type":"if","locations":[{"start":{"line":34,"column":2},"end":{"line":34,"column":2}},{"start":{"line":34,"column":2},"end":{"line":34,"column":2}}]},"4":{"line":57,"type":"if","locations":[{"start":{"line":57,"column":2},"end":{"line":57,"column":2}},{"start":{"line":57,"column":2},"end":{"line":57,"column":2}}]},"5":{"line":62,"type":"switch","locations":[{"start":{"line":63,"column":4},"end":{"line":64,"column":34}},{"start":{"line":66,"column":4},"end":{"line":67,"column":37}},{"start":{"line":69,"column":4},"end":{"line":70,"column":36}},{"start":{"line":72,"column":4},"end":{"line":73,"column":82}}]}},"code":["'use strict';","","var fs = require('fs'),","    path = require('path');","","var Q = require('q');","","var lib = require('manifoldjs-lib');","","var log = lib.log,","    platformTools = lib.platformTools,","    utils = lib.utils;","","// registers a new platform module    ","function addPlatform (program) {","  if (program.args.length < 3) {","    return Q.reject(new Error('You must specify a platform ID.'));    ","  }","  ","  if (program.args.length < 4) {","    return Q.reject(new Error('You must specify a package source for the platform. This can be an npm package, a GitHub URL, or a local path.'));    ","  }","  ","  var platformId = program.args[2].toLowerCase();","  var source = program.args[3];","  ","  return platformTools.addPlatform(platformId, source).then(function () {","    log.info('The \\'' + platformId + '\\' platform was registered successfully.');      ","  });","}","","// removes a registered platform module","function removePlatform (program) {","  if (program.args.length < 3) {","    return Q.reject(new Error('You must specify a platform ID.'));    ","  }"," ","  var platformId = program.args[2].toLowerCase();","  ","  return platformTools.removePlatform(platformId).then(function () {","    log.info('The \\'' + platformId + '\\' platform was unregistered successfully.');      ","  });","}","","function listPlatforms (program) {","  try {","    var platforms = platformTools.listPlatforms();  ","    log.write('Available platforms are: ' + platforms.join(', '));","    return Q.resolve();","  }","  catch (err) {","    return Q.reject(err);","  }","}","","function platformCommands (program) {","  if (program.args.length < 2) {","    return Q.reject(new Error('You must specify a platform operation: add, remove, or list.'));    ","  }","","  var command = program.args[1].toLowerCase();","  switch (command) {","    case 'add':","      return addPlatform(program);","    ","    case 'remove':","      return removePlatform(program);","      ","    case 'list':","      return listPlatforms(program);","      ","    default:","      return Q.reject(new Error('Unknown option \\'' + command + '\\' specified.'));","  }  ","}","","module.exports = platformCommands; ","    ","",""],"l":{"3":1,"6":1,"8":1,"10":1,"15":1,"16":0,"17":0,"20":0,"21":0,"24":0,"25":0,"27":0,"28":0,"33":1,"34":0,"35":0,"38":0,"40":0,"41":0,"45":1,"46":0,"47":0,"48":0,"49":0,"52":0,"56":1,"57":0,"58":0,"61":0,"62":0,"64":0,"67":0,"70":0,"73":0,"77":1}}}